mktextfm Fontin
mktextfm Fontin
mktextfm Fontin
mktextfm Fontin
mktextfm Fontin/B
mktextfm Fontin
mktextfm Fontin/I
mktextfm Fontin
mktextfm Fontin/BI
mktextfm Fontin
mktextfm Fontin
mktextfm Fontin
mktextfm Fontin
mktextfm Fontin
mktextfm Fontin
mktextfm Fontin
mktextfm Fontin
mktextfm Fontin
mktextfm Fontin
mktextfm Fontin
mktextfm Fontin-Regular
mktextfm Fontin-Regular
mktextfm Fontin-Regular
mktextfm Fontin-Regular
mktextfm Fontin-Regular/B
mktextfm Fontin-Regular
mktextfm Fontin-Regular/I
mktextfm Fontin-Regular
mktextfm Fontin-Regular/BI
mktextfm Fontin-Regular
mktextfm Fontin-Regular
mktextfm Fontin-Regular
mktextfm Fontin-Regular
mktextfm Fontin
