This is XeTeX, Version 3.1415926-2.2-0.9995.1 (MiKTeX 2.8) (preloaded format=xelatex 2011.9.5)  29 SEP 2011 09:44
entering extended mode
**templatex-cn_green.tex
("E:\My Tex\Ä£°åÇø\¼òÀú\cv-Xelatex\templatex-cn_green.tex"
LaTeX2e <2011/06/27>
Babel <v3.8m> and hyphenation patterns for english, dumylang, nohyphenation, ge
rman, ngerman, german-x-2009-06-19, ngerman-x-2009-06-19, french, loaded.
(C:\CTEX\MiKTeX\tex\latex\moderncv\moderncv.cls
Document Class: moderncv 2010/08/03 v0.12 modern curriculum vitae document clas
s
(C:\CTEX\MiKTeX\tex\latex\base\size11.clo
File: size11.clo 2007/10/19 v1.4h Standard LaTeX file (size option)
Requested font "cmr10" at 10.95pt
 -> cmr10
)
(C:\CTEX\MiKTeX\tex\latex\etoolbox\etoolbox.sty
Package: etoolbox 2011/01/03 v2.1 e-TeX tools for LaTeX

(C:\CTEX\MiKTeX\tex\latex\misc\etex.sty
Package: etex 1998/03/26 v2.0 eTeX basic definition package (PEB)
\et@xins=\count80
)
\etb@tempcnta=\count81
)
(C:\CTEX\MiKTeX\tex\latex\base\ifthen.sty
Package: ifthen 2001/05/26 v1.1c Standard LaTeX ifthen package (DPC)
)
(C:\CTEX\MiKTeX\tex\latex\graphics\color.sty
Package: color 2005/11/14 v1.0j Standard LaTeX Color (DPC)

(C:\CTEX\MiKTeX\tex\latex\00miktex\color.cfg
File: color.cfg 2007/01/18 v1.5 color configuration of teTeX/TeXLive
)
Package color Info: Driver file: xetex.def on input line 130.

(C:\CTEX\MiKTeX\tex\xelatex\xetex-def\xetex.def
File: xetex.def 2009/11/22 v0.94 LaTeX color/graphics driver for XeTeX (RRM/JK)

))
(C:\CTEX\MiKTeX\tex\latex\base\fontenc.sty
Package: fontenc 2005/09/27 v1.99g Standard LaTeX package

(C:\CTEX\MiKTeX\tex\latex\base\t1enc.def
File: t1enc.def 2005/09/27 v1.99g Standard LaTeX file
LaTeX Font Info:    Redeclaring font encoding T1 on input line 43.
)
Requested font "ecrm1095" at 10.95pt
 -> ecrm1095
)
(C:\CTEX\MiKTeX\tex\latex\lm\lmodern.sty
Package: lmodern 2009/10/30 v1.6 Latin Modern Fonts
LaTeX Font Info:    Overwriting symbol font `operators' in version `normal'
(Font)                  OT1/cmr/m/n --> OT1/lmr/m/n on input line 22.
LaTeX Font Info:    Overwriting symbol font `letters' in version `normal'
(Font)                  OML/cmm/m/it --> OML/lmm/m/it on input line 23.
LaTeX Font Info:    Overwriting symbol font `symbols' in version `normal'
(Font)                  OMS/cmsy/m/n --> OMS/lmsy/m/n on input line 24.
LaTeX Font Info:    Overwriting symbol font `largesymbols' in version `normal'
(Font)                  OMX/cmex/m/n --> OMX/lmex/m/n on input line 25.
LaTeX Font Info:    Overwriting symbol font `operators' in version `bold'
(Font)                  OT1/cmr/bx/n --> OT1/lmr/bx/n on input line 26.
LaTeX Font Info:    Overwriting symbol font `letters' in version `bold'
(Font)                  OML/cmm/b/it --> OML/lmm/b/it on input line 27.
LaTeX Font Info:    Overwriting symbol font `symbols' in version `bold'
(Font)                  OMS/cmsy/b/n --> OMS/lmsy/b/n on input line 28.
LaTeX Font Info:    Overwriting symbol font `largesymbols' in version `bold'
(Font)                  OMX/cmex/m/n --> OMX/lmex/m/n on input line 29.
LaTeX Font Info:    Overwriting math alphabet `\mathbf' in version `normal'
(Font)                  OT1/cmr/bx/n --> OT1/lmr/bx/n on input line 31.
LaTeX Font Info:    Overwriting math alphabet `\mathsf' in version `normal'
(Font)                  OT1/cmss/m/n --> OT1/lmss/m/n on input line 32.
LaTeX Font Info:    Overwriting math alphabet `\mathit' in version `normal'
(Font)                  OT1/cmr/m/it --> OT1/lmr/m/it on input line 33.
LaTeX Font Info:    Overwriting math alphabet `\mathtt' in version `normal'
(Font)                  OT1/cmtt/m/n --> OT1/lmtt/m/n on input line 34.
LaTeX Font Info:    Overwriting math alphabet `\mathbf' in version `bold'
(Font)                  OT1/cmr/bx/n --> OT1/lmr/bx/n on input line 35.
LaTeX Font Info:    Overwriting math alphabet `\mathsf' in version `bold'
(Font)                  OT1/cmss/bx/n --> OT1/lmss/bx/n on input line 36.
LaTeX Font Info:    Overwriting math alphabet `\mathit' in version `bold'
(Font)                  OT1/cmr/bx/it --> OT1/lmr/bx/it on input line 37.
LaTeX Font Info:    Overwriting math alphabet `\mathtt' in version `bold'
(Font)                  OT1/cmtt/m/n --> OT1/lmtt/m/n on input line 38.
)
(C:\CTEX\MiKTeX\tex\latex\marvosym\marvosym.sty
Package: marvosym 2011/07/20 v2.2 Martin Vogel's Symbols font definitions
)
(C:\CTEX\MiKTeX\tex\xelatex\xetexurl\url.sty
\Urlmuskip=\muskip10
Package: url 2004/03/15  ver 3.1  Verb mode for urls, etc.
)
(C:\CTEX\MiKTeX\tex\latex\graphics\graphicx.sty
Package: graphicx 1999/02/16 v1.0f Enhanced LaTeX Graphics (DPC,SPQR)

(C:\CTEX\MiKTeX\tex\latex\graphics\keyval.sty
Package: keyval 1999/03/16 v1.13 key=value parser (DPC)
\KV@toks@=\toks14
)
(C:\CTEX\MiKTeX\tex\latex\graphics\graphics.sty
Package: graphics 2009/02/05 v1.0o Standard LaTeX Graphics (DPC,SPQR)

(C:\CTEX\MiKTeX\tex\latex\graphics\trig.sty
Package: trig 1999/03/16 v1.09 sin cos tan (DPC)
)
(C:\CTEX\MiKTeX\tex\latex\00miktex\graphics.cfg
File: graphics.cfg 2007/01/18 v1.5 graphics configuration of teTeX/TeXLive
)
Package graphics Info: Driver file: xetex.def on input line 91.
)
\Gin@req@height=\dimen102
\Gin@req@width=\dimen103
)
(C:\CTEX\MiKTeX\tex\latex\fancyhdr\fancyhdr.sty
\fancy@headwidth=\skip41
\f@ncyO@elh=\skip42
\f@ncyO@erh=\skip43
\f@ncyO@olh=\skip44
\f@ncyO@orh=\skip45
\f@ncyO@elf=\skip46
\f@ncyO@erf=\skip47
\f@ncyO@olf=\skip48
\f@ncyO@orf=\skip49
)
(C:\CTEX\MiKTeX\tex\latex\moderncv\moderncvcompatibility.sty
Package: moderncvcompatibility 2010/08/03 v0.12 modern curriculum vitae compati
bility patches
)
\quotewidth=\skip50
\hintscolumnwidth=\skip51
\separatorcolumnwidth=\skip52
\maincolumnwidth=\skip53
\doubleitemmaincolumnwidth=\skip54
\listitemsymbolwidth=\skip55
LaTeX Font Info:    Try loading font information for U+mvs on input line 273.

(C:\CTEX\MiKTeX\tex\latex\marvosym\umvs.fd)
Requested font "umvs" at 10.95pt
 -> umvs
\listitemmaincolumnwidth=\skip56
\listdoubleitemmaincolumnwidth=\skip57
\bibindent=\skip58

(C:\CTEX\MiKTeX\tex\latex\moderncv\tweaklist.sty))
(C:\CTEX\MiKTeX\tex\latex\fontspec\fontspec.sty
Package: fontspec 2011/09/13 v2.2 Advanced font selection for XeLaTeX/LuaLaTeX

(C:\CTEX\MiKTeX\tex\latex\l3kernel\expl3.sty
(C:\CTEX\MiKTeX\tex\latex\l3kernel\l3names.sty
(C:\CTEX\MiKTeX\tex\latex\l3kernel\l3bootstrap.sty
Package: l3bootstrap 2011/09/10 v2798 L3 Experimental bootstrap code
)
Package: l3names 2011/09/07 v2776 L3 Experimental namespace for primitives
)
(C:\CTEX\MiKTeX\tex\latex\tools\calc.sty
Package: calc 2007/08/22 v4.3 Infix arithmetic (KKT,FJ)
\calc@Acount=\count82
\calc@Bcount=\count83
\calc@Adimen=\dimen104
\calc@Bdimen=\dimen105
\calc@Askip=\skip59
\calc@Bskip=\skip60
LaTeX Info: Redefining \setlength on input line 76.
LaTeX Info: Redefining \addtolength on input line 77.
\calc@Ccount=\count84
\calc@Cskip=\skip61
)
Package: expl3 2011/09/15 v2828 L3 Experimental code bundle wrapper

(C:\CTEX\MiKTeX\tex\latex\l3kernel\l3basics.sty
Package: l3basics 2011/09/12 v2817 L3 Experimental basic definitions
)
(C:\CTEX\MiKTeX\tex\latex\l3kernel\l3expan.sty
Package: l3expan 2011/09/12 v2812 L3 Experimental argument expansion
)
(C:\CTEX\MiKTeX\tex\latex\l3kernel\l3tl.sty
Package: l3tl 2011/09/12 v2812 L3 Experimental token lists
)
(C:\CTEX\MiKTeX\tex\latex\l3kernel\l3seq.sty
Package: l3seq 2011/09/12 v2812 L3 Experimental sequences and stacks
)
(C:\CTEX\MiKTeX\tex\latex\l3kernel\l3int.sty
Package: l3int 2011/09/12 v2812 L3 Experimental integers
\c_max_int=\count85
\l_tmpa_int=\count86
\l_tmpb_int=\count87
\l_tmpc_int=\count88
\g_tmpa_int=\count89
\g_tmpb_int=\count90
\g_seq_nesting_depth_int=\count91
\g_tl_inline_level_int=\count92
)
(C:\CTEX\MiKTeX\tex\latex\l3kernel\l3quark.sty
Package: l3quark 2011/09/10 v2798 L3 Experimental quarks
)
(C:\CTEX\MiKTeX\tex\latex\l3kernel\l3prg.sty
Package: l3prg 2011/09/15 v2827 L3 Experimental control structures
\g_prg_stepwise_level_int=\count93
)
(C:\CTEX\MiKTeX\tex\latex\l3kernel\l3clist.sty
Package: l3clist 2011/09/10 v2798 L3 Experimental comma separated lists
\g_clist_map_inline_int=\count94
)
(C:\CTEX\MiKTeX\tex\latex\l3kernel\l3token.sty
Package: l3token 2011/09/12 v2819 L3 Experimental token manipulation
)
(C:\CTEX\MiKTeX\tex\latex\l3kernel\l3prop.sty
Package: l3prop 2011/09/12 v2820 L3 Experimental property lists
\g_prop_map_inline_int=\count95
)
(C:\CTEX\MiKTeX\tex\latex\l3kernel\l3msg.sty
Package: l3msg 2011/09/12 v2812 L3 Experimental messages
)
(C:\CTEX\MiKTeX\tex\latex\l3kernel\l3io.sty
Package: l3io 2011/09/10 v2799 L3 Experimental input-output operations
\l_iow_stream_int=\count96
\l_iow_line_length_int=\count97
\l_iow_target_length_int=\count98
\l_iow_current_line_int=\count99
\l_iow_current_word_int=\count100
)
(C:\CTEX\MiKTeX\tex\latex\l3kernel\l3file.sty
Package: l3file 2011/09/07 v2776 L3 Experimental file operations
)
(C:\CTEX\MiKTeX\tex\latex\l3kernel\l3skip.sty
Package: l3skip 2011/09/12 v2818 L3 Experimental dimensions and skips
\l_tmpa_dim=\dimen106
\l_tmpb_dim=\dimen107
\l_tmpc_dim=\dimen108
\g_tmpa_dim=\dimen109
\g_tmpb_dim=\dimen110
\l_tmpa_skip=\skip62
\l_tmpb_skip=\skip63
\l_tmpc_skip=\skip64
\g_tmpa_skip=\skip65
\g_tmpb_skip=\skip66
)
(C:\CTEX\MiKTeX\tex\latex\l3kernel\l3keys.sty
Package: l3keys 2011/09/10 v2800 L3 Experimental key-value interfaces
\g_keyval_level_int=\count101
\l_keys_choice_int=\count102
)
(C:\CTEX\MiKTeX\tex\latex\l3kernel\l3fp.sty
Package: l3fp 2011/09/12 v2812 L3 Experimental floating-point operations
\c_one_million=\count103
\c_one_hundred_million=\count104
\c_five_hundred_million=\count105
\c_one_thousand_million=\count106
\c_fp_pi_by_four_decimal_int=\count107
\c_fp_pi_by_four_extended_int=\count108
\c_fp_pi_decimal_int=\count109
\c_fp_pi_extended_int=\count110
\c_fp_two_pi_decimal_int=\count111
\c_fp_two_pi_extended_int=\count112
\l_fp_count_int=\count113
\l_fp_div_offset_int=\count114
\l_fp_exp_integer_int=\count115
\l_fp_exp_decimal_int=\count116
\l_fp_exp_extended_int=\count117
\l_fp_exp_exponent_int=\count118
\l_fp_input_a_sign_int=\count119
\l_fp_input_a_integer_int=\count120
\l_fp_input_a_decimal_int=\count121
\l_fp_input_a_exponent_int=\count122
\l_fp_input_b_sign_int=\count123
\l_fp_input_b_integer_int=\count124
\l_fp_input_b_decimal_int=\count125
\l_fp_input_b_exponent_int=\count126
\l_fp_input_a_extended_int=\count127
\l_fp_input_b_extended_int=\count128
\l_fp_mul_a_i_int=\count129
\l_fp_mul_a_ii_int=\count130
\l_fp_mul_a_iii_int=\count131
\l_fp_mul_a_iv_int=\count132
\l_fp_mul_a_v_int=\count133
\l_fp_mul_a_vi_int=\count134
\l_fp_mul_b_i_int=\count135
\l_fp_mul_b_ii_int=\count136
\l_fp_mul_b_iii_int=\count137
\l_fp_mul_b_iv_int=\count138
\l_fp_mul_b_v_int=\count139
\l_fp_mul_b_vi_int=\count140
\l_fp_mul_output_int=\count141
\l_fp_output_sign_int=\count142
\l_fp_output_integer_int=\count143
\l_fp_output_decimal_int=\count144
\l_fp_output_exponent_int=\count145
\l_fp_output_extended_int=\count146
\l_fp_round_position_int=\count147
\l_fp_round_target_int=\count148
\l_fp_split_sign_int=\count149
\l_fp_tmp_int=\count150
\l_fp_trig_octant_int=\count151
\l_fp_trig_sign_int=\count152
\l_fp_trig_decimal_int=\count153
\l_fp_trig_extended_int=\count154
\l_fp_tmp_dim=\dimen111
\l_fp_tmp_skip=\skip67
)
(C:\CTEX\MiKTeX\tex\latex\l3kernel\l3box.sty
Package: l3box 2011/09/10 v2799 L3 Experimental boxes
\l_tmpb_box=\box26
\l_box_top_dim=\dimen112
\l_box_bottom_dim=\dimen113
\l_box_left_dim=\dimen114
\l_box_right_dim=\dimen115
\l_box_top_new_dim=\dimen116
\l_box_bottom_new_dim=\dimen117
\l_box_left_new_dim=\dimen118
\l_box_right_new_dim=\dimen119
\l_box_tmp_box=\box27
)
(C:\CTEX\MiKTeX\tex\latex\l3kernel\l3coffins.sty
Package: l3coffins 2011/09/12 v2814 L3 Experimental coffin code layer
\l_coffin_tmp_box=\box28
\l_coffin_tmp_dim=\dimen120
\l_coffin_offset_x_dim=\dimen121
\l_coffin_offset_y_dim=\dimen122
\l_coffin_x_dim=\dimen123
\l_coffin_y_dim=\dimen124
\l_coffin_x_prime_dim=\dimen125
\l_coffin_y_prime_dim=\dimen126
\l_coffin_Depth_dim=\dimen127
\l_coffin_Height_dim=\dimen128
\l_coffin_TotalHeight_dim=\dimen129
\l_coffin_Width_dim=\dimen130
\c_empty_coffin=\box29
\l_coffin_aligned_coffin=\box30
\l_coffin_aligned_internal_coffin=\box31
\l_coffin_bounding_shift_dim=\dimen131
\l_coffin_left_corner_dim=\dimen132
\l_coffin_right_corner_dim=\dimen133
\l_coffin_bottom_corner_dim=\dimen134
\l_coffin_top_corner_dim=\dimen135
\l_coffin_scaled_total_height_dim=\dimen136
\l_coffin_scaled_width_dim=\dimen137
\l_coffin_display_coffin=\box32
\l_coffin_display_coord_coffin=\box33
\l_coffin_display_pole_coffin=\box34
\l_coffin_display_offset_dim=\dimen138
\l_coffin_display_x_dim=\dimen139
\l_coffin_display_y_dim=\dimen140
)
(C:\CTEX\MiKTeX\tex\latex\l3kernel\l3color.sty
Package: l3color 2011/09/07 v2776 L3 Experimental colour support
)
(C:\CTEX\MiKTeX\tex\latex\l3kernel\l3luatex.sty
Package: l3luatex 2011/09/10 v2798 L3 Experimental LuaTeX-specific functions
\g_cctab_allocate_int=\count155
\g_cctab_stack_int=\count156
))
(C:\CTEX\MiKTeX\tex\latex\l3packages\xparse\xparse.sty
Package: xparse 2011/09/15 v2828 L3 Experimental document command parser
\l_xparse_m_args_int=\count157
\l_xparse_mandatory_args_int=\count158
\l_xparse_processor_int=\count159
\l_xparse_total_args_int=\count160
)
\l_fontspec_script_int=\count161
\l_fontspec_language_int=\count162
\l_fontspec_strnum_int=\count163
\l_fontspec_tmpa_dim=\dimen141
\l_fontspec_tmpb_dim=\dimen142
\l_fontspec_tmpc_dim=\dimen143
Variant \tl_gset:cV already defined; not changing it on line 66

(C:\CTEX\MiKTeX\tex\latex\fontspec\fontspec-patches.sty
Package: fontspec-patches 2011/09/13 v2.2 Advanced font selection for XeLaTeX/L
uaLaTeX

(C:\CTEX\MiKTeX\tex\latex\base\fixltx2e.sty
Package: fixltx2e 2006/09/13 v1.1m fixes to LaTeX
LaTeX Info: Redefining \em on input line 420.
)
LaTeX Info: Redefining \em on input line 22.
LaTeX Info: Redefining \emph on input line 29.
LaTeX Info: Redefining \- on input line 32.
.................................................
. xparse info: "define-command"
. 
. Defining document command \liningnums with arg. spec. 'm' on line 111.
.................................................
)
(C:\CTEX\MiKTeX\tex\latex\fontspec\fontspec-xetex.sty
Package: fontspec-xetex 2011/09/13 v2.2 Advanced font selection for XeLaTeX/Lua
LaTeX

(C:\CTEX\MiKTeX\tex\latex\base\fontenc.sty
Package: fontenc 2005/09/27 v1.99g Standard LaTeX package

(C:\CTEX\MiKTeX\tex\latex\euenc\eu1enc.def
File: eu1enc.def 2010/05/27 v0.1h Experimental Unicode font encodings
)
LaTeX Font Info:    Try loading font information for EU1+lmr on input line 100.


(C:\CTEX\MiKTeX\tex\latex\euenc\eu1lmr.fd
File: eu1lmr.fd 2009/10/30 v1.6 Font defs for Latin Modern
)
Requested font "[lmroman10-regular]:mapping=tex-text" at 10.0pt
 -> C:/CTEX/MiKTeX/fonts/opentype/public/lm/lmroman10-regular.otf
)
(C:\CTEX\MiKTeX\tex\xelatex\xunicode\xunicode.sty
File: xunicode.sty 2011/09/09 v0.981 provides access to latin accents and many 
other characters in Unicode lower plane

(C:\CTEX\MiKTeX\tex\latex\tipa\t3enc.def
File: t3enc.def 2001/12/31 T3 encoding
Requested font "[lmromanslant10-regular]:mapping=tex-text" at 10.0pt
 -> C:/CTEX/MiKTeX/fonts/opentype/public/lm/lmromanslant10-regular.otf
Requested font "[lmroman10-italic]:mapping=tex-text" at 10.0pt
 -> C:/CTEX/MiKTeX/fonts/opentype/public/lm/lmroman10-italic.otf
Requested font "[lmroman10-bold]:mapping=tex-text" at 10.0pt
 -> C:/CTEX/MiKTeX/fonts/opentype/public/lm/lmroman10-bold.otf
LaTeX Font Info:    Try loading font information for EU1+lmss on input line 357
.

(C:\CTEX\MiKTeX\tex\latex\euenc\eu1lmss.fd
File: eu1lmss.fd 2009/10/30 v1.6 Font defs for Latin Modern
)
Requested font "[lmsans10-regular]:mapping=tex-text" at 10.0pt
 -> C:/CTEX/MiKTeX/fonts/opentype/public/lm/lmsans10-regular.otf
)
\tipaTiiicode=\count164
\tipasavetokens=\toks15
\tipachecktokens=\toks16
)
.................................................
. xparse info: "define-command"
. 
. Defining document command \fontspec with arg. spec. 'O{}m' on line 39.
.................................................
.................................................
. xparse info: "define-command"
. 
. Defining document command \setmainfont with arg. spec. 'O{}m' on line 43.
.................................................
.................................................
. xparse info: "define-command"
. 
. Defining document command \setsansfont with arg. spec. 'O{}m' on line 47.
.................................................
.................................................
. xparse info: "define-command"
. 
. Defining document command \setmonofont with arg. spec. 'O{}m' on line 51.
.................................................
.................................................
. xparse info: "define-command"
. 
. Defining document command \setmathrm with arg. spec. 'O{}m' on line 55.
.................................................
.................................................
. xparse info: "define-command"
. 
. Defining document command \setboldmathrm with arg. spec. 'O{}m' on line 58.
.................................................
.................................................
. xparse info: "define-command"
. 
. Defining document command \setmathsf with arg. spec. 'O{}m' on line 61.
.................................................
.................................................
. xparse info: "define-command"
. 
. Defining document command \setmathtt with arg. spec. 'O{}m' on line 64.
.................................................
.................................................
. xparse info: "define-command"
. 
. Defining document command \newfontfamily with arg. spec. 'mO{}m' on line 81.
.................................................
.................................................
. xparse info: "define-command"
. 
. Defining document command \newfontface with arg. spec. 'mO{}m' on line 84.
.................................................
.................................................
. xparse info: "define-command"
. 
. Defining document command \defaultfontfeatures with arg. spec. 'm' on line
. 87.
.................................................
.................................................
. xparse info: "define-command"
. 
. Defining document command \addfontfeatures with arg. spec. 'm' on line 104.
.................................................
.................................................
. xparse info: "define-command"
. 
. Defining document command \newfontfeature with arg. spec. 'mm' on line 115.
.................................................
.................................................
. xparse info: "define-command"
. 
. Defining document command \newAATfeature with arg. spec. 'mmmm' on line 122.
.................................................
.................................................
. xparse info: "define-command"
. 
. Defining document command \newICUfeature with arg. spec. 'mmm' on line 129.
.................................................
.................................................
. xparse info: "define-command"
. 
. Defining document command \aliasfontfeature with arg. spec. 'mm' on line
. 156.
.................................................
.................................................
. xparse info: "define-command"
. 
. Defining document command \aliasfontfeatureoption with arg. spec. 'mmm' on
. line 161.
.................................................
.................................................
. xparse info: "define-command"
. 
. Defining document command \newfontscript with arg. spec. 'mm' on line 166.
.................................................
.................................................
. xparse info: "define-command"
. 
. Defining document command \newfontlanguage with arg. spec. 'mm' on line 189.
.................................................
.................................................
. xparse info: "define-command"
. 
. Defining document command \DeclareFontsExtensions with arg. spec. 'm' on
. line 208.
.................................................
Variant \prop_gput:cnV already defined; not changing it on line 482
Variant \prop_gput:cnx already defined; not changing it on line 483
Variant \keys_set:nx already defined; not changing it on line 960
\c@fontspec_tmp_int=\count165
LaTeX Info: Redefining \itshape on input line 1878.
LaTeX Info: Redefining \slshape on input line 1882.
LaTeX Info: Redefining \scshape on input line 1886.
LaTeX Info: Redefining \upshape on input line 1890.

(C:\CTEX\MiKTeX\tex\latex\fontspec\fontspec.cfg)))
Requested font "Tahoma" at 10.0pt
 -> C:/Windows/Fonts/tahoma.ttf
Requested font "Tahoma/ICU" at 10.0pt
 -> C:/Windows/Fonts/tahoma.ttf
\g_fontspec_family_Tahoma_int=\count166
Requested font "Tahoma/B/ICU" at 10.0pt
 -> C:/Windows/Fonts/tahomabd.ttf
Requested font "Tahoma/B/B/ICU" at 10.0pt
 -> C:/Windows/Fonts/tahomabd.ttf
Requested font "Tahoma/I/ICU" at 10.0pt
 -> C:/Windows/Fonts/tahoma.ttf
.................................................
. fontspec info: "no-font-shape"
. 
. Could not resolve font Tahoma/I (it probably doesn't exist).
.................................................
Requested font "Tahoma/BI/ICU" at 10.0pt
 -> C:/Windows/Fonts/tahomabd.ttf
Requested font "Tahoma/BI/BI/ICU" at 10.0pt
 -> C:/Windows/Fonts/tahomabd.ttf
.................................................
. fontspec info: "defining-font"
. 
. Font family 'Tahoma(0)' created for font 'Tahoma' with options [].
. 
. This font family consists of the following shapes:
. 
. * 'normal' with NFSS spec.:
. <->"Tahoma/ICU:script=latn;language=DFLT;"
. 
. * 'bold' with NFSS spec.:
. <->"Tahoma/B/ICU:script=latn;language=DFLT;"
. 
. * 'bold italic' with NFSS spec.:
. <->"Tahoma/BI/ICU:script=latn;language=DFLT;"
.................................................
Requested font "Tahoma/ICU:script=latn;language=DFLT;" at 10.0pt
 -> C:/Windows/Fonts/tahoma.ttf

(C:\CTEX\CTeX\tex\xelatex\xecjk\xeCJK.sty
Package: xeCJK 2010/05/31 2.3.15 package for typesetting CJK scripts with XeLaT
eX

(C:\CTEX\MiKTeX\tex\generic\ifxetex\ifxetex.sty
Package: ifxetex 2010/09/12 v0.6 Provides ifxetex conditional
)
(C:\CTEX\MiKTeX\tex\latex\xkeyval\xkeyval.sty
Package: xkeyval 2008/08/13 v2.6a package option processing (HA)

(C:\CTEX\MiKTeX\tex\generic\xkeyval\xkeyval.tex
\XKV@toks=\toks17
\XKV@tempa@toks=\toks18
\XKV@depth=\count167
File: xkeyval.tex 2008/08/13 v2.6a key=value parser (HA)
))
\xeCJK@cnta=\count168
\xeCJK@cntb=\count169
\xeCJK@cntc=\count170
\xeCJK@cntd=\count171
\xeCJK@cnte=\count172
\xeCJK@dima=\dimen144
LaTeX Info: Redefining \normalfont on input line 781.
LaTeX Info: Redefining \rmfamily on input line 790.
LaTeX Info: Redefining \sffamily on input line 794.
LaTeX Info: Redefining \ttfamily on input line 798.
\xeCJK@featureadded=\count173
)
(C:\CTEX\MiKTeX\tex\latex\xcolor\xcolor.sty
Package: xcolor 2007/01/21 v2.11 LaTeX color extensions (UK)

(C:\CTEX\MiKTeX\tex\latex\00miktex\color.cfg
File: color.cfg 2007/01/18 v1.5 color configuration of teTeX/TeXLive
)
Package xcolor Info: Driver file: xetex.def on input line 225.
LaTeX Info: Redefining \color on input line 702.
Package xcolor Info: Model `cmy' substituted by `cmy0' on input line 1337.
Package xcolor Info: Model `RGB' extended on input line 1353.
Package xcolor Info: Model `HTML' substituted by `rgb' on input line 1355.
Package xcolor Info: Model `Hsb' substituted by `hsb' on input line 1356.
Package xcolor Info: Model `tHsb' substituted by `hsb' on input line 1357.
Package xcolor Info: Model `HSB' substituted by `hsb' on input line 1358.
Package xcolor Info: Model `Gray' substituted by `gray' on input line 1359.
Package xcolor Info: Model `wave' substituted by `hsb' on input line 1360.
)
(C:\CTEX\MiKTeX\tex\latex\geometry\geometry.sty
Package: geometry 2010/09/12 v5.6 Page Geometry

(C:\CTEX\MiKTeX\tex\generic\oberdiek\ifpdf.sty
Package: ifpdf 2011/01/30 v2.3 Provides the ifpdf switch (HO)
Package ifpdf Info: pdfTeX in PDF mode is not detected.
)
(C:\CTEX\MiKTeX\tex\generic\oberdiek\ifvtex.sty
Package: ifvtex 2010/03/01 v1.5 Switches for detecting VTeX and its modes (HO)
Package ifvtex Info: VTeX not detected.
)
\Gm@cnth=\count174
\Gm@cntv=\count175
\c@Gm@tempcnt=\count176
\Gm@bindingoffset=\dimen145
\Gm@wd@mp=\dimen146
\Gm@odd@mp=\dimen147
\Gm@even@mp=\dimen148
\Gm@layoutwidth=\dimen149
\Gm@layoutheight=\dimen150
\Gm@layouthoffset=\dimen151
\Gm@layoutvoffset=\dimen152
\Gm@dimlist=\toks19

(C:\CTEX\MiKTeX\tex\xelatex\xetexconfig\geometry.cfg))
(C:\CTEX\MiKTeX\tex\latex\hyperref\hyperref.sty
Package: hyperref 2011/08/19 v6.82h Hypertext links for LaTeX

(C:\CTEX\MiKTeX\tex\generic\oberdiek\hobsub-hyperref.sty
Package: hobsub-hyperref 2011/04/23 v1.4 Bundle oberdiek, subset hyperref (HO)

(C:\CTEX\MiKTeX\tex\generic\oberdiek\hobsub-generic.sty
Package: hobsub-generic 2011/04/23 v1.4 Bundle oberdiek, subset generic (HO)
Package: hobsub 2011/04/23 v1.4 Subsetting bundle oberdiek (HO)
Package: infwarerr 2010/04/08 v1.3 Providing info/warning/message (HO)
Package: ltxcmds 2011/04/18 v1.20 LaTeX kernel commands for general use (HO)
Package: ifluatex 2010/03/01 v1.3 Provides the ifluatex switch (HO)
Package ifluatex Info: LuaTeX not detected.
Package hobsub Info: Skipping package `ifvtex' (already loaded).
Package: intcalc 2007/09/27 v1.1 Expandable integer calculations (HO)
Package hobsub Info: Skipping package `ifpdf' (already loaded).
Package: etexcmds 2011/02/16 v1.5 Prefix for e-TeX command names (HO)
Package etexcmds Info: Could not find \expanded.
(etexcmds)             That can mean that you are not using pdfTeX 1.50 or
(etexcmds)             that some package has redefined \expanded.
(etexcmds)             In the latter case, load this package earlier.
Package: kvsetkeys 2011/04/07 v1.13 Key value parser (HO)
Package: kvdefinekeys 2011/04/07 v1.3 Defining keys (HO)
Package: pdftexcmds 2011/04/22 v0.16 Utilities of pdfTeX for LuaTeX (HO)
Package pdftexcmds Info: LuaTeX not detected.
Package pdftexcmds Info: pdfTeX >= 1.30 not detected.
Package pdftexcmds Info: \pdf@primitive is available.
Package pdftexcmds Info: \pdf@ifprimitive is available.
Package pdftexcmds Info: \pdfdraftmode not found.
Package: pdfescape 2011/04/04 v1.12 Provides string conversions (HO)
Package: bigintcalc 2011/01/30 v1.2 Expandable big integer calculations (HO)
Package: bitset 2011/01/30 v1.1 Data type bit set (HO)
Package: uniquecounter 2011/01/30 v1.2 Provides unlimited unique counter (HO)
)
Package hobsub Info: Skipping package `hobsub' (already loaded).
Package: letltxmacro 2010/09/02 v1.4 Let assignment for LaTeX macros (HO)
Package: hopatch 2011/01/30 v1.0 Wrapper for package hooks (HO)
Package: xcolor-patch 2011/01/30 xcolor patch
Package: atveryend 2011/04/23 v1.7 Hooks at very end of document (HO)
Package: atbegshi 2011/01/30 v1.15 At begin shipout hook (HO)
Package: refcount 2010/12/01 v3.2 Data extraction from references (HO)
Package: hycolor 2011/01/30 v1.7 Color options of hyperref/bookmark (HO)
)
(C:\CTEX\MiKTeX\tex\latex\oberdiek\kvoptions.sty
Package: kvoptions 2010/12/23 v3.10 Keyval support for LaTeX options (HO)
)
\@linkdim=\dimen153
\Hy@linkcounter=\count177
\Hy@pagecounter=\count178

(C:\CTEX\MiKTeX\tex\latex\hyperref\pd1enc.def
File: pd1enc.def 2011/08/19 v6.82h Hyperref: PDFDocEncoding definition (HO)
)
\Hy@SavedSpaceFactor=\count179

(C:\CTEX\MiKTeX\tex\latex\00miktex\hyperref.cfg
File: hyperref.cfg 2002/06/06 v1.2 hyperref configuration of TeXLive
)
Package hyperref Info: Option `CJKbookmarks' set `true' on input line 3932.
Package hyperref Info: Hyper figures OFF on input line 4053.
Package hyperref Info: Link nesting OFF on input line 4058.
Package hyperref Info: Hyper index ON on input line 4061.
Package hyperref Info: Plain pages OFF on input line 4068.
Package hyperref Info: Backreferencing OFF on input line 4073.
Package hyperref Info: Implicit mode ON; LaTeX internals redefined.
Package hyperref Info: Bookmarks ON on input line 4291.
\c@Hy@tempcnt=\count180
LaTeX Info: Redefining \url on input line 4644.
\Fld@menulength=\count181
\Field@Width=\dimen154
\Fld@charsize=\dimen155
Package hyperref Info: Hyper figures OFF on input line 5730.
Package hyperref Info: Link nesting OFF on input line 5735.
Package hyperref Info: Hyper index ON on input line 5738.
Package hyperref Info: backreferencing OFF on input line 5745.
Package hyperref Info: Link coloring OFF on input line 5750.
Package hyperref Info: Link coloring with OCG OFF on input line 5755.
Package hyperref Info: PDF/A mode OFF on input line 5760.
LaTeX Info: Redefining \ref on input line 5800.
LaTeX Info: Redefining \pageref on input line 5804.


Package hyperref Warning: Option `pdfpagelabels' is turned off
(hyperref)                because \thepage is undefined.

\c@Item=\count182
\c@Hfootnote=\count183
)

Package hyperref Message: Driver (autodetected): hxetex.

(C:\CTEX\MiKTeX\tex\latex\hyperref\hxetex.def
File: hxetex.def 2011/08/19 v6.82h Hyperref driver for XeTeX

(C:\CTEX\MiKTeX\tex\latex\hyperref\puenc.def
File: puenc.def 2011/08/19 v6.82h Hyperref: PDF Unicode definition (HO)
)
(C:\CTEX\MiKTeX\tex\generic\oberdiek\stringenc.sty
Package: stringenc 2010/03/01 v1.8 Converts strings between encodings (HO)
)
\pdfm@box=\box35
\c@Hy@AnnotLevel=\count184
\HyField@AnnotCount=\count185
\Fld@listcount=\count186
\c@bookmark@seq@number=\count187

(C:\CTEX\MiKTeX\tex\latex\oberdiek\rerunfilecheck.sty
Package: rerunfilecheck 2011/04/15 v1.7 Rerun checks for auxiliary files (HO)
Package rerunfilecheck Info: Feature \pdfmdfivesum is not available
(rerunfilecheck)             (e.g. pdfTeX or LuaTeX with package `pdftexcmds').

(rerunfilecheck)             Therefore file contents cannot be checked efficien
tly
(rerunfilecheck)             and the loading of the package is aborted.
)
\Hy@SectionHShift=\skip68
)
("E:\My Tex\Ä£°åÇø\¼òÀú\cv-Xelatex\moderncvthemeclassic.sty"
Package: moderncvthemeclassic 2008/06/17 v0.7 modern curriculum vitae style: cl
assic
\maketitlenamemaxwidth=\skip69
\maketitlenamefullwidth=\skip70


Package xeCJK Warning: Unknown CJK family `sf' is ignored.
Use \setCJKfamilyfont to define a CJK family. on input line 113.

Requested font "[lmsans17-regular]:mapping=tex-text" at 34.0pt
 -> C:/CTEX/MiKTeX/fonts/opentype/public/lm/lmsans17-regular.otf
\maketitlenamewidth=\skip71
\maketitlepicturewidth=\skip72
\maketitledetailswidth=\skip73
)
No file templatex-cn_green.aux.
LaTeX Font Info:    Checking defaults for OML/cmm/m/it on input line 50.
LaTeX Font Info:    ... okay on input line 50.
LaTeX Font Info:    Checking defaults for T1/cmr/m/n on input line 50.
LaTeX Font Info:    ... okay on input line 50.
LaTeX Font Info:    Checking defaults for OT1/cmr/m/n on input line 50.
LaTeX Font Info:    ... okay on input line 50.
LaTeX Font Info:    Checking defaults for OMS/cmsy/m/n on input line 50.
LaTeX Font Info:    ... okay on input line 50.
LaTeX Font Info:    Checking defaults for OMX/cmex/m/n on input line 50.
LaTeX Font Info:    ... okay on input line 50.
LaTeX Font Info:    Checking defaults for U/cmr/m/n on input line 50.
LaTeX Font Info:    ... okay on input line 50.
LaTeX Font Info:    Checking defaults for EU1/lmr/m/n on input line 50.
LaTeX Font Info:    ... okay on input line 50.
LaTeX Font Info:    Checking defaults for T3/cmr/m/n on input line 50.
LaTeX Font Info:    Try loading font information for T3+cmr on input line 50.
(C:\CTEX\MiKTeX\tex\latex\tipa\t3cmr.fd
File: t3cmr.fd 2001/12/31 TIPA font definitions
)
LaTeX Font Info:    ... okay on input line 50.
LaTeX Font Info:    Checking defaults for PD1/pdf/m/n on input line 50.
LaTeX Font Info:    ... okay on input line 50.
LaTeX Font Info:    Checking defaults for PU/pdf/m/n on input line 50.
LaTeX Font Info:    ... okay on input line 50.
Requested font "Tahoma/ICU:script=latn;language=DFLT;" at 10.95pt
 -> C:/Windows/Fonts/tahoma.ttf

*geometry* detected driver: pdftex
*geometry* verbose mode - [ preamble ] result:
* driver: pdftex
* paper: a4paper
* layout: <same size as paper>
* layoutoffset:(h,v)=(0.0pt,0.0pt)
* modes: 
* h-part:(L,W,R)=(59.74988pt, 478.00812pt, 59.74988pt)
* v-part:(T,H,B)=(67.60269pt, 676.04005pt, 101.4041pt)
* \paperwidth=597.50787pt
* \paperheight=845.04684pt
* \textwidth=478.00812pt
* \textheight=676.04005pt
* \oddsidemargin=-12.52011pt
* \evensidemargin=-12.52011pt
* \topmargin=-41.6673pt
* \headheight=12.0pt
* \headsep=25.0pt
* \topskip=11.0pt
* \footskip=30.0pt
* \marginparwidth=40.0pt
* \marginparsep=5.0pt
* \columnsep=10.0pt
* \skip\footins=10.0pt plus 4.0pt minus 2.0pt
* \hoffset=0.0pt
* \voffset=0.0pt
* \mag=1000
* \@twocolumnfalse
* \@twosidefalse
* \@mparswitchfalse
* \@reversemarginfalse
* (1in=72.27pt=25.4mm, 1cm=28.453pt)

\AtBeginShipoutBox=\box36
Package hyperref Info: Link coloring OFF on input line 50.
(C:\CTEX\MiKTeX\tex\latex\hyperref\nameref.sty
Package: nameref 2010/04/30 v2.40 Cross-referencing by name of section

(C:\CTEX\MiKTeX\tex\generic\oberdiek\gettitlestring.sty
Package: gettitlestring 2010/12/03 v1.4 Cleanup title references (HO)
)
\c@section@level=\count188
)
LaTeX Info: Redefining \ref on input line 50.
LaTeX Info: Redefining \pageref on input line 50.
LaTeX Info: Redefining \nameref on input line 50.
\@outlinefile=\write3
Package hyperref Info: Option `breaklinks' set `true' on input line 50.


Package hyperref Warning: Option `baseurl' has already been used,
(hyperref)                setting the option has no effect on input line 50.


Package hyperref Warning: Option `pdfpagemode' has already been used,
(hyperref)                setting the option has no effect on input line 50.


Package hyperref Warning: Option `pdfstartpage' has already been used,
(hyperref)                setting the option has no effect on input line 50.

(C:\CTEX\MiKTeX\tex\generic\oberdiek\se-ascii-print.def
File: se-ascii-print.def 2010/03/01 v1.8 stringenc: Printable ASCII characters
)
Package hyperref Info: Option `bookmarksopen' set `true' on input line 50.
Requested font "[lmsans10-regular]:mapping=tex-text" at 10.95pt
 -> C:/CTEX/MiKTeX/fonts/opentype/public/lm/lmsans10-regular.otf
Requested font "[lmsans17-regular]:mapping=tex-text" at 17.28pt
 -> C:/CTEX/MiKTeX/fonts/opentype/public/lm/lmsans17-regular.otf
Requested font "[lmsans17-oblique]:mapping=tex-text" at 17.28pt
 -> C:/CTEX/MiKTeX/fonts/opentype/public/lm/lmsans17-oblique.otf
Requested font "Adobe Song Std L" at 17.28pt
 -> C:/Windows/Fonts/AdobeSongStd-Light.otf
Requested font "Adobe Song Std L/ICU" at 17.28pt
 -> C:/Windows/Fonts/AdobeSongStd-Light.otf
\g_fontspec_family_Adobe Song Std L_int=\count189
.................................................
. fontspec info: "defining-font"
. 
. Font family 'AdobeSongStdL(0)' created for font 'Adobe Song Std L' with
. options [BoldFont={Adobe Song Std
. L},BoldFeatures={RawFeature={embolden=4}},ItalicFont={Adobe Song Std
. L},ItalicFeatures={RawFeature={slant=0.17}},BoldItalicFont={Adobe Song Std
. L},BoldItalicFeatures={RawFeature={embolden=4,slant=0.17}}].
. 
. This font family consists of the following shapes:
. 
. * 'normal' with NFSS spec.:
. <->"Adobe Song Std L/ICU:script=latn;language=DFLT;"
. 
. * 'bold' with NFSS spec.:
. <->"Adobe Song Std L/ICU:script=latn;language=DFLT;embolden=4;"
. 
. * 'italic' with NFSS spec.:
. <->"Adobe Song Std L/ICU:script=latn;language=DFLT;slant=0.17;"
. 
. * 'bold italic' with NFSS spec.:
. <->"Adobe Song Std L/ICU:script=latn;language=DFLT;embolden=4,slant=0.17;"
.................................................


LaTeX Font Warning: Font shape `EU1/AdobeSongStdL(0)/m/sl' undefined
(Font)              using `EU1/AdobeSongStdL(0)/m/n' instead on input line 51.

Requested font "Adobe Song Std L/ICU:script=latn;language=DFLT;" at 17.28pt
 -> C:/Windows/Fonts/AdobeSongStd-Light.otf

LaTeX Font Warning: Font shape `EU1/Tahoma(0)/m/sl' undefined
(Font)              using `EU1/Tahoma(0)/m/n' instead on input line 51.

File: picture.jpg Graphic file (type QTm)
<use  "picture.jpg" >
Requested font "[lmsans12-regular]:mapping=tex-text" at 12.0pt
 -> C:/CTEX/MiKTeX/fonts/opentype/public/lm/lmsans12-regular.otf
Requested font "[lmsans12-oblique]:mapping=tex-text" at 12.0pt
 -> C:/CTEX/MiKTeX/fonts/opentype/public/lm/lmsans12-oblique.otf
Requested font "Adobe Song Std L" at 12.0pt
 -> C:/Windows/Fonts/AdobeSongStd-Light.otf
Requested font "Adobe Song Std L/ICU" at 12.0pt
 -> C:/Windows/Fonts/AdobeSongStd-Light.otf
.................................................
. fontspec info: "defining-font"
. 
. Font family 'AdobeSongStdL(0)' created for font 'Adobe Song Std L' with
. options [BoldFont={Adobe Song Std
. L},BoldFeatures={RawFeature={embolden=4}},ItalicFont={Adobe Song Std
. L},ItalicFeatures={RawFeature={slant=0.17}},BoldItalicFont={Adobe Song Std
. L},BoldItalicFeatures={RawFeature={embolden=4,slant=0.17}}].
. 
. This font family consists of the following shapes:
.................................................
Requested font "Adobe Song Std L/ICU:script=latn;language=DFLT;" at 12.0pt
 -> C:/Windows/Fonts/AdobeSongStd-Light.otf
LaTeX Font Info:    Try loading font information for OT1+lmr on input line 51.
 (C:\CTEX\MiKTeX\tex\latex\lm\ot1lmr.fd
File: ot1lmr.fd 2009/10/30 v1.6 Font defs for Latin Modern
)
Requested font "rm-lmr12" at 12.0pt
 -> rm-lmr12
Requested font "rm-lmr8" at 8.0pt
 -> rm-lmr8
Requested font "rm-lmr6" at 6.0pt
 -> rm-lmr6
LaTeX Font Info:    Try loading font information for OML+lmm on input line 51.

(C:\CTEX\MiKTeX\tex\latex\lm\omllmm.fd
File: omllmm.fd 2009/10/30 v1.6 Font defs for Latin Modern
)
Requested font "lmmi12" at 12.0pt
 -> lmmi12
Requested font "lmmi8" at 8.0pt
 -> lmmi8
Requested font "lmmi6" at 6.0pt
 -> lmmi6
LaTeX Font Info:    Try loading font information for OMS+lmsy on input line 51.

 (C:\CTEX\MiKTeX\tex\latex\lm\omslmsy.fd
File: omslmsy.fd 2009/10/30 v1.6 Font defs for Latin Modern
)
Requested font "lmsy10" at 12.0pt
 -> lmsy10
Requested font "lmsy8" at 8.0pt
 -> lmsy8
Requested font "lmsy6" at 6.0pt
 -> lmsy6
LaTeX Font Info:    Try loading font information for OMX+lmex on input line 51.

 (C:\CTEX\MiKTeX\tex\latex\lm\omxlmex.fd
File: omxlmex.fd 2009/10/30 v1.6 Font defs for Latin Modern
)
LaTeX Font Info:    External font `lmex10' loaded for size
(Font)              <12> on input line 51.
Requested font "lmex10" scaled 1000
 -> lmex10
LaTeX Font Info:    External font `lmex10' loaded for size
(Font)              <8> on input line 51.
LaTeX Font Info:    External font `lmex10' loaded for size
(Font)              <6> on input line 51.
Requested font "[lmsans8-oblique]:mapping=tex-text" at 8.0pt
 -> C:/CTEX/MiKTeX/fonts/opentype/public/lm/lmsans8-oblique.otf
Requested font "rm-lmr10" at 10.95pt
 -> rm-lmr10
Requested font "lmmi10" at 10.95pt
 -> lmmi10
Requested font "lmsy10" at 10.95pt
 -> lmsy10
LaTeX Font Info:    External font `lmex10' loaded for size
(Font)              <10.95> on input line 51.

Overfull \hbox (6.79999pt too wide) in paragraph at lines 51--51
 [][][]| [][]  
 []

Requested font "[lmsans12-regular]:mapping=tex-text" at 14.4pt
 -> C:/CTEX/MiKTeX/fonts/opentype/public/lm/lmsans12-regular.otf
Requested font "Adobe Song Std L" at 14.4pt
 -> C:/Windows/Fonts/AdobeSongStd-Light.otf
Requested font "Adobe Song Std L/ICU" at 14.4pt
 -> C:/Windows/Fonts/AdobeSongStd-Light.otf
.................................................
. fontspec info: "defining-font"
. 
. Font family 'AdobeSongStdL(0)' created for font 'Adobe Song Std L' with
. options [BoldFont={Adobe Song Std
. L},BoldFeatures={RawFeature={embolden=4}},ItalicFont={Adobe Song Std
. L},ItalicFeatures={RawFeature={slant=0.17}},BoldItalicFont={Adobe Song Std
. L},BoldItalicFeatures={RawFeature={embolden=4,slant=0.17}}].
. 
. This font family consists of the following shapes:
.................................................
Requested font "Adobe Song Std L/ICU:script=latn;language=DFLT;" at 14.4pt
 -> C:/Windows/Fonts/AdobeSongStd-Light.otf
Requested font "Adobe Song Std L" at 10.0pt
 -> C:/Windows/Fonts/AdobeSongStd-Light.otf
Requested font "Adobe Song Std L/ICU" at 10.0pt
 -> C:/Windows/Fonts/AdobeSongStd-Light.otf
.................................................
. fontspec info: "defining-font"
. 
. Font family 'AdobeSongStdL(0)' created for font 'Adobe Song Std L' with
. options [BoldFont={Adobe Song Std
. L},BoldFeatures={RawFeature={embolden=4}},ItalicFont={Adobe Song Std
. L},ItalicFeatures={RawFeature={slant=0.17}},BoldItalicFont={Adobe Song Std
. L},BoldItalicFeatures={RawFeature={embolden=4,slant=0.17}}].
. 
. This font family consists of the following shapes:
.................................................
Requested font "Adobe Song Std L/ICU:script=latn;language=DFLT;" at 10.0pt
 -> C:/Windows/Fonts/AdobeSongStd-Light.otf
LaTeX Font Info:    Font shape `EU1/lmss/m/it' in size <10.95> not available
(Font)              Font shape `EU1/lmss/m/sl' tried instead on input line 54.
Requested font "[lmsans10-oblique]:mapping=tex-text" at 10.95pt
 -> C:/CTEX/MiKTeX/fonts/opentype/public/lm/lmsans10-oblique.otf
Requested font "Adobe Song Std L" at 10.95pt
 -> C:/Windows/Fonts/AdobeSongStd-Light.otf
Requested font "Adobe Song Std L/ICU" at 10.95pt
 -> C:/Windows/Fonts/AdobeSongStd-Light.otf
.................................................
. fontspec info: "defining-font"
. 
. Font family 'AdobeSongStdL(0)' created for font 'Adobe Song Std L' with
. options [BoldFont={Adobe Song Std
. L},BoldFeatures={RawFeature={embolden=4}},ItalicFont={Adobe Song Std
. L},ItalicFeatures={RawFeature={slant=0.17}},BoldItalicFont={Adobe Song Std
. L},BoldItalicFeatures={RawFeature={embolden=4,slant=0.17}}].
. 
. This font family consists of the following shapes:
.................................................
Requested font "Adobe Song Std L/ICU:script=latn;language=DFLT;" at 10.95pt
 -> C:/Windows/Fonts/AdobeSongStd-Light.otf
Requested font "[lmsans8-regular]:mapping=tex-text" at 8.0pt
 -> C:/CTEX/MiKTeX/fonts/opentype/public/lm/lmsans8-regular.otf
Requested font "[lmsans10-bold]:mapping=tex-text" at 10.95pt
 -> C:/CTEX/MiKTeX/fonts/opentype/public/lm/lmsans10-bold.otf
.................................................
. fontspec info: "defining-font"
. 
. Font family 'AdobeSongStdL(0)' created for font 'Adobe Song Std L' with
. options [BoldFont={Adobe Song Std
. L},BoldFeatures={RawFeature={embolden=4}},ItalicFont={Adobe Song Std
. L},ItalicFeatures={RawFeature={slant=0.17}},BoldItalicFont={Adobe Song Std
. L},BoldItalicFeatures={RawFeature={embolden=4,slant=0.17}}].
. 
. This font family consists of the following shapes:
.................................................
Requested font "Adobe Song Std L/ICU:script=latn;language=DFLT;embolden=4;" at 
10.95pt
 -> C:/Windows/Fonts/AdobeSongStd-Light.otf
.................................................
. fontspec info: "defining-font"
. 
. Font family 'AdobeSongStdL(0)' created for font 'Adobe Song Std L' with
. options [BoldFont={Adobe Song Std
. L},BoldFeatures={RawFeature={embolden=4}},ItalicFont={Adobe Song Std
. L},ItalicFeatures={RawFeature={slant=0.17}},BoldItalicFont={Adobe Song Std
. L},BoldItalicFeatures={RawFeature={embolden=4,slant=0.17}}].
. 
. This font family consists of the following shapes:
.................................................
Requested font "[lmsans9-regular]:mapping=tex-text" at 9.0pt
 -> C:/CTEX/MiKTeX/fonts/opentype/public/lm/lmsans9-regular.otf
LaTeX Font Info:    Font shape `EU1/lmss/m/it' in size <9> not available
(Font)              Font shape `EU1/lmss/m/sl' tried instead on input line 72.
Requested font "[lmsans9-oblique]:mapping=tex-text" at 9.0pt
 -> C:/CTEX/MiKTeX/fonts/opentype/public/lm/lmsans9-oblique.otf
[1

]
Overfull \hbox (1.24223pt too wide) in paragraph at lines 91--91
[]\EU1/lmss/m/n/10.95 + []| 
 []

Package atveryend Info: Empty hook `BeforeClearDocument' on input line 107.
[2]
Package atveryend Info: Empty hook `AfterLastShipout' on input line 107.
 ("E:\My Tex\Ä£°åÇø\¼òÀú\cv-Xelatex\templatex-cn_green.aux")
Package atveryend Info: Empty hook `AtVeryEndDocument' on input line 107.
Package atveryend Info: Empty hook `AtEndAfterFileList' on input line 107.


LaTeX Font Warning: Some font shapes were not available, defaults substituted.


LaTeX Warning: Label(s) may have changed. Rerun to get cross-references right.

 ) 
Here is how much of TeX's memory you used:
 20238 strings out of 430423
 384336 string characters out of 3190112
 431559 words of memory out of 3000000
 23156 multiletter control sequences out of 15000+200000
 20072 words of font info for 69 fonts, out of 3000000 for 9000
 14 hyphenation exceptions out of 8191
 36i,11n,67p,784b,476s stack positions out of 5000i,500n,10000p,200000b,50000s

Output written on templatex-cn_green.pdf (2 pages).
