This is XeTeX, Version 3.1415926-2.5-0.9999.3 (TeX Live 2013/Debian) (format=xelatex 2014.2.25)  11 MAR 2014 19:26
entering extended mode
 restricted \write18 enabled.
 %&-line parsing enabled.
**template_cn_blue.tex
(./template_cn_blue.tex
LaTeX2e <2011/06/27>
Babel <3.9f> and hyphenation patterns for 78 languages loaded.
(/usr/share/texlive/texmf-dist/tex/latex/moderncv/moderncv.cls
Document Class: moderncv 2013/04/29 v1.5.1 modern curriculum vitae and letter d
ocument class
(/usr/share/texlive/texmf-dist/tex/latex/base/size11.clo
File: size11.clo 2007/10/19 v1.4h Standard LaTeX file (size option)
)
(/usr/share/texlive/texmf-dist/tex/latex/etoolbox/etoolbox.sty
Package: etoolbox 2011/01/03 v2.1 e-TeX tools for LaTeX

(/usr/share/texlive/texmf-dist/tex/latex/etex-pkg/etex.sty
Package: etex 1998/03/26 v2.0 eTeX basic definition package (PEB)
\et@xins=\count80
)
\etb@tempcnta=\count81
)
(/usr/share/texlive/texmf-dist/tex/latex/base/ifthen.sty
Package: ifthen 2001/05/26 v1.1c Standard LaTeX ifthen package (DPC)
)
(/usr/share/texmf/tex/latex/xcolor/xcolor.sty
Package: xcolor 2007/01/21 v2.11 LaTeX color extensions (UK)

(/usr/share/texlive/texmf-dist/tex/latex/latexconfig/color.cfg
File: color.cfg 2007/01/18 v1.5 color configuration of teTeX/TeXLive
)
Package xcolor Info: Driver file: xetex.def on input line 225.

(/usr/share/texlive/texmf-dist/tex/xelatex/xetex-def/xetex.def
File: xetex.def 2013/04/29 v0.96 LaTeX color/graphics driver for XeTeX (RRM/JK)

)
Package xcolor Info: Model `cmy' substituted by `cmy0' on input line 1337.
Package xcolor Info: Model `RGB' extended on input line 1353.
Package xcolor Info: Model `HTML' substituted by `rgb' on input line 1355.
Package xcolor Info: Model `Hsb' substituted by `hsb' on input line 1356.
Package xcolor Info: Model `tHsb' substituted by `hsb' on input line 1357.
Package xcolor Info: Model `HSB' substituted by `hsb' on input line 1358.
Package xcolor Info: Model `Gray' substituted by `gray' on input line 1359.
Package xcolor Info: Model `wave' substituted by `hsb' on input line 1360.
)
(/usr/share/texlive/texmf-dist/tex/generic/ifxetex/ifxetex.sty
Package: ifxetex 2010/09/12 v0.6 Provides ifxetex conditional
)
(/usr/share/texlive/texmf-dist/tex/generic/oberdiek/ifluatex.sty
Package: ifluatex 2010/03/01 v1.3 Provides the ifluatex switch (HO)
Package ifluatex Info: LuaTeX not detected.
)
(/usr/share/texlive/texmf-dist/tex/latex/base/fontenc.sty
Package: fontenc 2005/09/27 v1.99g Standard LaTeX package

(/usr/share/texlive/texmf-dist/tex/latex/base/t1enc.def
File: t1enc.def 2005/09/27 v1.99g Standard LaTeX file
LaTeX Font Info:    Redeclaring font encoding T1 on input line 43.
))
(/usr/share/texmf/tex/latex/lm/lmodern.sty
Package: lmodern 2009/10/30 v1.6 Latin Modern Fonts
LaTeX Font Info:    Overwriting symbol font `operators' in version `normal'
(Font)                  OT1/cmr/m/n --> OT1/lmr/m/n on input line 22.
LaTeX Font Info:    Overwriting symbol font `letters' in version `normal'
(Font)                  OML/cmm/m/it --> OML/lmm/m/it on input line 23.
LaTeX Font Info:    Overwriting symbol font `symbols' in version `normal'
(Font)                  OMS/cmsy/m/n --> OMS/lmsy/m/n on input line 24.
LaTeX Font Info:    Overwriting symbol font `largesymbols' in version `normal'
(Font)                  OMX/cmex/m/n --> OMX/lmex/m/n on input line 25.
LaTeX Font Info:    Overwriting symbol font `operators' in version `bold'
(Font)                  OT1/cmr/bx/n --> OT1/lmr/bx/n on input line 26.
LaTeX Font Info:    Overwriting symbol font `letters' in version `bold'
(Font)                  OML/cmm/b/it --> OML/lmm/b/it on input line 27.
LaTeX Font Info:    Overwriting symbol font `symbols' in version `bold'
(Font)                  OMS/cmsy/b/n --> OMS/lmsy/b/n on input line 28.
LaTeX Font Info:    Overwriting symbol font `largesymbols' in version `bold'
(Font)                  OMX/cmex/m/n --> OMX/lmex/m/n on input line 29.
LaTeX Font Info:    Overwriting math alphabet `\mathbf' in version `normal'
(Font)                  OT1/cmr/bx/n --> OT1/lmr/bx/n on input line 31.
LaTeX Font Info:    Overwriting math alphabet `\mathsf' in version `normal'
(Font)                  OT1/cmss/m/n --> OT1/lmss/m/n on input line 32.
LaTeX Font Info:    Overwriting math alphabet `\mathit' in version `normal'
(Font)                  OT1/cmr/m/it --> OT1/lmr/m/it on input line 33.
LaTeX Font Info:    Overwriting math alphabet `\mathtt' in version `normal'
(Font)                  OT1/cmtt/m/n --> OT1/lmtt/m/n on input line 34.
LaTeX Font Info:    Overwriting math alphabet `\mathbf' in version `bold'
(Font)                  OT1/cmr/bx/n --> OT1/lmr/bx/n on input line 35.
LaTeX Font Info:    Overwriting math alphabet `\mathsf' in version `bold'
(Font)                  OT1/cmss/bx/n --> OT1/lmss/bx/n on input line 36.
LaTeX Font Info:    Overwriting math alphabet `\mathit' in version `bold'
(Font)                  OT1/cmr/bx/it --> OT1/lmr/bx/it on input line 37.
LaTeX Font Info:    Overwriting math alphabet `\mathtt' in version `bold'
(Font)                  OT1/cmtt/m/n --> OT1/lmtt/m/n on input line 38.
)
(/usr/share/texlive/texmf-dist/tex/latex/url/url.sty
\Urlmuskip=\muskip10
Package: url 2006/04/12  ver 3.3  Verb mode for urls, etc.
)
(/usr/share/texlive/texmf-dist/tex/latex/graphics/graphicx.sty
Package: graphicx 1999/02/16 v1.0f Enhanced LaTeX Graphics (DPC,SPQR)

(/usr/share/texlive/texmf-dist/tex/latex/graphics/keyval.sty
Package: keyval 1999/03/16 v1.13 key=value parser (DPC)
\KV@toks@=\toks14
)
(/usr/share/texlive/texmf-dist/tex/latex/graphics/graphics.sty
Package: graphics 2009/02/05 v1.0o Standard LaTeX Graphics (DPC,SPQR)

(/usr/share/texlive/texmf-dist/tex/latex/graphics/trig.sty
Package: trig 1999/03/16 v1.09 sin cos tan (DPC)
)
(/usr/share/texlive/texmf-dist/tex/latex/latexconfig/graphics.cfg
File: graphics.cfg 2010/04/23 v1.9 graphics configuration of TeX Live
)
Package graphics Info: Driver file: xetex.def on input line 91.
)
\Gin@req@height=\dimen102
\Gin@req@width=\dimen103
)
(/usr/share/texlive/texmf-dist/tex/latex/fancyhdr/fancyhdr.sty
\fancy@headwidth=\skip41
\f@ncyO@elh=\skip42
\f@ncyO@erh=\skip43
\f@ncyO@olh=\skip44
\f@ncyO@orh=\skip45
\f@ncyO@elf=\skip46
\f@ncyO@erf=\skip47
\f@ncyO@olf=\skip48
\f@ncyO@orf=\skip49
)
(/usr/share/texlive/texmf-dist/tex/latex/moderncv/tweaklist.sty)
(/usr/share/texlive/texmf-dist/tex/latex/tools/calc.sty
Package: calc 2007/08/22 v4.3 Infix arithmetic (KKT,FJ)
\calc@Acount=\count82
\calc@Bcount=\count83
\calc@Adimen=\dimen104
\calc@Bdimen=\dimen105
\calc@Askip=\skip50
\calc@Bskip=\skip51
LaTeX Info: Redefining \setlength on input line 76.
LaTeX Info: Redefining \addtolength on input line 77.
\calc@Ccount=\count84
\calc@Cskip=\skip52
)
(/usr/share/texlive/texmf-dist/tex/latex/l3packages/xparse/xparse.sty
(/usr/share/texlive/texmf-dist/tex/latex/l3kernel/expl3.sty
(/usr/share/texlive/texmf-dist/tex/latex/l3kernel/l3names.sty
(/usr/share/texlive/texmf-dist/tex/latex/l3kernel/l3bootstrap.sty
Package: l3bootstrap 2013/01/08 v4420 L3 Experimental bootstrap code
)
Package: l3names 2012/12/07 v4346 L3 Namespace for primitives
)
Package: expl3 2013/07/12 v4544 L3 Experimental code bundle wrapper

(/usr/share/texlive/texmf-dist/tex/latex/l3kernel/l3basics.sty
Package: l3basics 2013/07/09 v4521 L3 Basic definitions
)
(/usr/share/texlive/texmf-dist/tex/latex/l3kernel/l3expan.sty
Package: l3expan 2013/07/09 v4521 L3 Argument expansion
)
(/usr/share/texlive/texmf-dist/tex/latex/l3kernel/l3tl.sty
Package: l3tl 2013/04/24 v4482 L3 Token lists
)
(/usr/share/texlive/texmf-dist/tex/latex/l3kernel/l3seq.sty
Package: l3seq 2013/05/26 v4500 L3 Sequences and stacks
)
(/usr/share/texlive/texmf-dist/tex/latex/l3kernel/l3int.sty
Package: l3int 2013/04/24 v4482 L3 Integers
\c_max_int=\count85
\l_tmpa_int=\count86
\l_tmpb_int=\count87
\g_tmpa_int=\count88
\g_tmpb_int=\count89
)
(/usr/share/texlive/texmf-dist/tex/latex/l3kernel/l3quark.sty
Package: l3quark 2013/07/09 v4521 L3 Quarks
)
(/usr/share/texlive/texmf-dist/tex/latex/l3kernel/l3prg.sty
Package: l3prg 2013/04/24 v4482 L3 Control structures
\g__prg_map_int=\count90
)
(/usr/share/texlive/texmf-dist/tex/latex/l3kernel/l3clist.sty
Package: l3clist 2013/05/26 v4500 L3 Comma separated lists
)
(/usr/share/texlive/texmf-dist/tex/latex/l3kernel/l3token.sty
Package: l3token 2013/04/24 v4482 L3 Experimental token manipulation
)
(/usr/share/texlive/texmf-dist/tex/latex/l3kernel/l3prop.sty
Package: l3prop 2013/01/09 v4423 L3 Property lists
)
(/usr/share/texlive/texmf-dist/tex/latex/l3kernel/l3msg.sty
Package: l3msg 2013/01/08 v4412 L3 Messages
)
(/usr/share/texlive/texmf-dist/tex/latex/l3kernel/l3file.sty
Package: l3file 2013/05/01 v4483 L3 File and I/O operations
\l_iow_line_count_int=\count91
\l__iow_target_count_int=\count92
\l__iow_current_line_int=\count93
\l__iow_current_word_int=\count94
\l__iow_current_indentation_int=\count95
)
(/usr/share/texlive/texmf-dist/tex/latex/l3kernel/l3skip.sty
Package: l3skip 2013/01/13 v4444 L3 Dimensions and skips
\c_zero_dim=\dimen106
\c_max_dim=\dimen107
\l_tmpa_dim=\dimen108
\l_tmpb_dim=\dimen109
\g_tmpa_dim=\dimen110
\g_tmpb_dim=\dimen111
\c_zero_skip=\skip53
\c_max_skip=\skip54
\l_tmpa_skip=\skip55
\l_tmpb_skip=\skip56
\g_tmpa_skip=\skip57
\g_tmpb_skip=\skip58
\c_zero_muskip=\muskip11
\c_max_muskip=\muskip12
\l_tmpa_muskip=\muskip13
\l_tmpb_muskip=\muskip14
\g_tmpa_muskip=\muskip15
\g_tmpb_muskip=\muskip16
)
(/usr/share/texlive/texmf-dist/tex/latex/l3kernel/l3keys.sty
Package: l3keys 2013/07/12 v4544 L3 Experimental key-value interfaces
\g__keyval_level_int=\count96
\l_keys_choice_int=\count97
)
(/usr/share/texlive/texmf-dist/tex/latex/l3kernel/l3fp.sty
Package: l3fp 2013/07/09 v4521 L3 Floating points
\c__fp_leading_shift_int=\count98
\c__fp_middle_shift_int=\count99
\c__fp_trailing_shift_int=\count100
\c__fp_big_leading_shift_int=\count101
\c__fp_big_middle_shift_int=\count102
\c__fp_big_trailing_shift_int=\count103
\c__fp_Bigg_leading_shift_int=\count104
\c__fp_Bigg_middle_shift_int=\count105
\c__fp_Bigg_trailing_shift_int=\count106
)
(/usr/share/texlive/texmf-dist/tex/latex/l3kernel/l3box.sty
Package: l3box 2013/04/24 v4482 L3 Experimental boxes
\c_empty_box=\box26
\l_tmpa_box=\box27
\l_tmpb_box=\box28
\g_tmpa_box=\box29
\g_tmpb_box=\box30
)
(/usr/share/texlive/texmf-dist/tex/latex/l3kernel/l3coffins.sty
Package: l3coffins 2012/09/09 v4212 L3 Coffin code layer
\l__coffin_internal_box=\box31
\l__coffin_internal_dim=\dimen112
\l__coffin_offset_x_dim=\dimen113
\l__coffin_offset_y_dim=\dimen114
\l__coffin_x_dim=\dimen115
\l__coffin_y_dim=\dimen116
\l__coffin_x_prime_dim=\dimen117
\l__coffin_y_prime_dim=\dimen118
\c_empty_coffin=\box32
\l__coffin_aligned_coffin=\box33
\l__coffin_aligned_internal_coffin=\box34
\l_tmpa_coffin=\box35
\l_tmpb_coffin=\box36
\l__coffin_display_coffin=\box37
\l__coffin_display_coord_coffin=\box38
\l__coffin_display_pole_coffin=\box39
\l__coffin_display_offset_dim=\dimen119
\l__coffin_display_x_dim=\dimen120
\l__coffin_display_y_dim=\dimen121
)
(/usr/share/texlive/texmf-dist/tex/latex/l3kernel/l3color.sty
Package: l3color 2012/08/29 v4156 L3 Experimental color support
)
(/usr/share/texlive/texmf-dist/tex/latex/l3kernel/l3luatex.sty
Package: l3luatex 2012/08/03 v4049 L3 Experimental LuaTeX-specific functions
\g__cctab_allocate_int=\count107
\g__cctab_stack_int=\count108
)
(/usr/share/texlive/texmf-dist/tex/latex/l3kernel/l3candidates.sty
Package: l3candidates 2013/07/09 v4521 L3 Experimental additions to l3kernel
\l__box_top_dim=\dimen122
\l__box_bottom_dim=\dimen123
\l__box_left_dim=\dimen124
\l__box_right_dim=\dimen125
\l__box_top_new_dim=\dimen126
\l__box_bottom_new_dim=\dimen127
\l__box_left_new_dim=\dimen128
\l__box_right_new_dim=\dimen129
\l__box_internal_box=\box40
\l__coffin_bounding_shift_dim=\dimen130
\l__coffin_left_corner_dim=\dimen131
\l__coffin_right_corner_dim=\dimen132
\l__coffin_bottom_corner_dim=\dimen133
\l__coffin_top_corner_dim=\dimen134
\l__coffin_scaled_total_height_dim=\dimen135
\l__coffin_scaled_width_dim=\dimen136
)
(/usr/share/texlive/texmf-dist/tex/generic/oberdiek/ifpdf.sty
Package: ifpdf 2011/01/30 v2.3 Provides the ifpdf switch (HO)
Package ifpdf Info: pdfTeX in PDF mode is not detected.
))
Package: xparse 2013/07/12 v4544 L3 Experimental document command parser
\l__xparse_current_arg_int=\count109
\l__xparse_m_args_int=\count110
\l__xparse_mandatory_args_int=\count111
\l__xparse_processor_int=\count112
\l__xparse_v_nesting_int=\count113
)
(/usr/share/texlive/texmf-dist/tex/latex/microtype/microtype.sty
Package: microtype 2013/05/23 v2.5a Micro-typographical refinements (RS)
\MT@toks=\toks15
\MT@count=\count114
LaTeX Info: Redefining \textls on input line 766.
\MT@outer@kern=\dimen137
LaTeX Info: Redefining \textmicrotypecontext on input line 1285.
\MT@listname@count=\count115

(/usr/share/texlive/texmf-dist/tex/latex/microtype/microtype-xetex.def
File: microtype-xetex.def 2013/05/23 v2.5a Definitions specific to xetex (RS)
LaTeX Info: Redefining \lsstyle on input line 254.
)
Package microtype Info: Loading configuration file microtype.cfg.

(/usr/share/texlive/texmf-dist/tex/latex/microtype/microtype.cfg
File: microtype.cfg 2013/05/23 v2.5a microtype main configuration file (RS)
))
(/usr/share/texlive/texmf-dist/tex/latex/moderncv/moderncvcollection.sty
Package: moderncvcollection 2013/04/29 v1.5.1 moderncv collections
\c@collection@iterator=\count116
)
(/usr/share/texlive/texmf-dist/tex/latex/moderncv/moderncvcompatibility.sty
Package: moderncvcompatibility 2013/04/29 v1.5.1 modern curriculum vitae and le
tter compatibility patches
)
.................................................
. LaTeX info: "xparse/define-command"
. 
. Defining document command \address with arg. spec. 'mG{}G{}' on line 234.
.................................................
\c@collection@phones@count=\count117
\c@collection@socials@count=\count118
.................................................
. LaTeX info: "xparse/define-command"
. 
. Defining document command \social with arg. spec. 'O{}O{}m' on line 261.
.................................................
.................................................
. LaTeX info: "xparse/define-command"
. 
. Defining document command \photo with arg. spec. 'O{64pt}O{0.4pt}m' on line
. 343.
.................................................
.................................................
. LaTeX info: "xparse/define-command"
. 
. Defining document command \section with arg. spec. 'sm' on line 389.
.................................................
.................................................
. LaTeX info: "xparse/define-command"
. 
. Defining document command \subsection with arg. spec. 'sm' on line 393.
.................................................
\c@cvcolumnscounter=\count119
\c@cvcolumnsautowidthcounter=\count120
\c@tmpiteratorcounter=\count121
\cvcolumnsdummywidth=\skip59
\cvcolumnswidth=\skip60
\cvcolumnsautowidth=\skip61
\cvcolumnautowidth=\skip62
\bibindent=\skip63
)
(/usr/share/texlive/texmf-dist/tex/latex/fontspec/fontspec.sty
Package: fontspec 2013/05/20 v2.3c Font selection for XeLaTeX and LuaLaTeX
\l_fontspec_script_int=\count122
\l_fontspec_language_int=\count123
\l_fontspec_strnum_int=\count124
\l_fontspec_tmpa_dim=\dimen138
\l_fontspec_tmpb_dim=\dimen139
\l_fontspec_tmpc_dim=\dimen140
Variant \tl_gset:cV already defined; not changing it on line 69

(/usr/share/texlive/texmf-dist/tex/latex/fontspec/fontspec-patches.sty
Package: fontspec-patches 2013/05/20 v2.3c Font selection for XeLaTeX and LuaLa
TeX

(/usr/share/texlive/texmf-dist/tex/latex/base/fixltx2e.sty
Package: fixltx2e 2006/09/13 v1.1m fixes to LaTeX
LaTeX Info: Redefining \em on input line 420.
)
LaTeX Info: Redefining \em on input line 22.
LaTeX Info: Redefining \emph on input line 30.
LaTeX Info: Redefining \- on input line 33.

*************************************************
* LaTeX warning: "xparse/redefine-command"
* 
* Redefining document command \oldstylenums with arg. spec. 'm' on line 128.
*************************************************
.................................................
. LaTeX info: "xparse/define-command"
. 
. Defining document command \liningnums with arg. spec. 'm' on line 132.
.................................................
) (/usr/share/texlive/texmf-dist/tex/latex/fontspec/fontspec-xetex.sty
Package: fontspec-xetex 2013/05/20 v2.3c Font selection for XeLaTeX and LuaLaTe
X

(/usr/share/texlive/texmf-dist/tex/latex/base/fontenc.sty
Package: fontenc 2005/09/27 v1.99g Standard LaTeX package

(/usr/share/texlive/texmf-dist/tex/latex/euenc/eu1enc.def
File: eu1enc.def 2010/05/27 v0.1h Experimental Unicode font encodings
)
LaTeX Font Info:    Try loading font information for EU1+lmr on input line 100.


(/usr/share/texlive/texmf-dist/tex/latex/euenc/eu1lmr.fd
File: eu1lmr.fd 2009/10/30 v1.6 Font defs for Latin Modern
))
(/usr/share/texlive/texmf-dist/tex/xelatex/xunicode/xunicode.sty
File: xunicode.sty 2011/09/09 v0.981 provides access to latin accents and many 
other characters in Unicode lower plane

(/usr/share/texmf/tex/latex/tipa/t3enc.def
File: t3enc.def 2001/12/31 T3 encoding
LaTeX Font Info:    Try loading font information for EU1+lmss on input line 357
.

(/usr/share/texlive/texmf-dist/tex/latex/euenc/eu1lmss.fd
File: eu1lmss.fd 2009/10/30 v1.6 Font defs for Latin Modern
))
\tipaTiiicode=\count125
\tipasavetokens=\toks16
\tipachecktokens=\toks17
)
.................................................
. LaTeX info: "xparse/define-command"
. 
. Defining document command \fontspec with arg. spec. 'O{}m' on line 41.
.................................................
.................................................
. LaTeX info: "xparse/define-command"
. 
. Defining document command \setmainfont with arg. spec. 'O{}m' on line 46.
.................................................
.................................................
. LaTeX info: "xparse/define-command"
. 
. Defining document command \setsansfont with arg. spec. 'O{}m' on line 51.
.................................................
.................................................
. LaTeX info: "xparse/define-command"
. 
. Defining document command \setmonofont with arg. spec. 'O{}m' on line 56.
.................................................
.................................................
. LaTeX info: "xparse/define-command"
. 
. Defining document command \setmathrm with arg. spec. 'O{}m' on line 65.
.................................................
.................................................
. LaTeX info: "xparse/define-command"
. 
. Defining document command \setboldmathrm with arg. spec. 'O{}m' on line 69.
.................................................
.................................................
. LaTeX info: "xparse/define-command"
. 
. Defining document command \setmathsf with arg. spec. 'O{}m' on line 73.
.................................................
.................................................
. LaTeX info: "xparse/define-command"
. 
. Defining document command \setmathtt with arg. spec. 'O{}m' on line 77.
.................................................
.................................................
. LaTeX info: "xparse/define-command"
. 
. Defining document command \newfontfamily with arg. spec. 'mO{}m' on line 96.
.................................................
.................................................
. LaTeX info: "xparse/define-command"
. 
. Defining document command \newfontface with arg. spec. 'mO{}m' on line 100.
.................................................
.................................................
. LaTeX info: "xparse/define-command"
. 
. Defining document command \defaultfontfeatures with arg. spec. 'om' on line
. 108.
.................................................
.................................................
. LaTeX info: "xparse/define-command"
. 
. Defining document command \addfontfeatures with arg. spec. 'm' on line 144.
.................................................
.................................................
. LaTeX info: "xparse/define-command"
. 
. Defining document command \newfontfeature with arg. spec. 'mm' on line 156.
.................................................
.................................................
. LaTeX info: "xparse/define-command"
. 
. Defining document command \newAATfeature with arg. spec. 'mmmm' on line 164.
.................................................
.................................................
. LaTeX info: "xparse/define-command"
. 
. Defining document command \newICUfeature with arg. spec. 'mmm' on line 172.
.................................................
.................................................
. LaTeX info: "xparse/define-command"
. 
. Defining document command \aliasfontfeature with arg. spec. 'mm' on line
. 201.
.................................................
.................................................
. LaTeX info: "xparse/define-command"
. 
. Defining document command \aliasfontfeatureoption with arg. spec. 'mmm' on
. line 203.
.................................................
.................................................
. LaTeX info: "xparse/define-command"
. 
. Defining document command \newfontscript with arg. spec. 'mm' on line 208.
.................................................
.................................................
. LaTeX info: "xparse/define-command"
. 
. Defining document command \newfontlanguage with arg. spec. 'mm' on line 235.
.................................................
.................................................
. LaTeX info: "xparse/define-command"
. 
. Defining document command \DeclareFontsExtensions with arg. spec. 'm' on
. line 256.
.................................................
Variant \prop_gput:cnV already defined; not changing it on line 582
Variant \prop_gput:cnx already defined; not changing it on line 583
\l_fontspec_tmp_int=\count126
LaTeX Info: Redefining \itshape on input line 2087.
LaTeX Info: Redefining \slshape on input line 2092.
LaTeX Info: Redefining \scshape on input line 2097.
LaTeX Info: Redefining \upshape on input line 2102.

(/usr/share/texlive/texmf-dist/tex/latex/fontspec/fontspec.cfg)))
\g__file_internal_ior=\read1
\g_fontspec_family_Tahoma_int=\count127
.................................................
. fontspec info: "no-font-shape"
. 
. Could not resolve font Tahoma/B (it probably doesn't exist).
.................................................
.................................................
. fontspec info: "no-font-shape"
. 
. Could not resolve font Tahoma/I (it probably doesn't exist).
.................................................
.................................................
. fontspec info: "no-font-shape"
. 
. Could not resolve font Tahoma/BI (it probably doesn't exist).
.................................................
.................................................
. fontspec info: "defining-font"
. 
. Font family 'Tahoma(0)' created for font 'Tahoma' with options [].
. 
. This font family consists of the following shapes:
. 
. * 'normal' with NFSS spec.:
. <->"Tahoma/ICU:script=latn;language=DFLT;"
.................................................

(/usr/share/texlive/texmf-dist/tex/xelatex/xecjk/xeCJK.sty
Package: xeCJK 2013/07/06 v3.2.4 Typesetting CJK scripts with XeLaTeX

(/usr/share/texlive/texmf-dist/tex/latex/l3packages/xtemplate/xtemplate.sty
Package: xtemplate 2013/07/12 v4544 L3 Experimental prototype document function
s
\l__xtemplate_tmp_dim=\dimen141
\l__xtemplate_tmp_int=\count128
\l__xtemplate_tmp_muskip=\muskip17
\l__xtemplate_tmp_skip=\skip64
Variant \prop_get:NoNTF already defined; not changing it on line 106
Variant \prop_get:NoNT already defined; not changing it on line 107
Variant \prop_get:NoNF already defined; not changing it on line 108
)
(/usr/share/texlive/texmf-dist/tex/latex/l3packages/l3keys2e/l3keys2e.sty
Package: l3keys2e 2013/07/12 v4544 LaTeX2e option processing using LaTeX3 keys
)
\l__xeCJK_tmp_int=\count129
\l__xeCJK_tmp_box=\box41
\l__xeCJK_tmp_dim=\dimen142
\l__xeCJK_tmp_skip=\skip65
\g__xeCJK_spacefactor_int=\count130
\l__xeCJK_begin_int=\count131
\l__xeCJK_end_int=\count132
.................................................
. LaTeX info: "xparse/define-command"
. 
. Defining document command \makexeCJKactive with arg. spec. '' on line 333.
.................................................
.................................................
. LaTeX info: "xparse/define-command"
. 
. Defining document command \makexeCJKinactive with arg. spec. '' on line 334.
.................................................
\c__xeCJK_HalfLeft_class_int=\XeTeXintercharclass4
\c__xeCJK_HalfRight_class_int=\XeTeXintercharclass5
\c__xeCJK_NormalSpace_class_int=\XeTeXintercharclass6
\c__xeCJK_IVS_class_int=\XeTeXintercharclass7
.................................................
. LaTeX info: "xparse/define-command"
. 
. Defining document command \xeCJKDeclareCharClass with arg. spec.
. 's>{\TrimSpaces }mm' on line 488.
.................................................
.................................................
. LaTeX info: "xparse/define-command"
. 
. Defining document command \__xeCJK_set_char_class_aux:Nnw with arg. spec.
. 'm>{\SplitArgument {1}{->}}m' on line 505.
.................................................
.................................................
. LaTeX info: "xparse/define-command"
. 
. Defining document command \normalspacedchars with arg. spec. 'm' on line
. 540.
.................................................
.................................................
. LaTeX info: "xparse/define-command"
. 
. Defining document command \xeCJKResetPunctClass with arg. spec. '' on line
. 547.
.................................................
.................................................
. LaTeX info: "xparse/define-command"
. 
. Defining document command \xeCJKResetCharClass with arg. spec. '' on line
. 554.
.................................................
\c__xeCJK_CJK_node_dim=\dimen143
\c__xeCJK_CJK-space_node_dim=\dimen144
\c__xeCJK_default_node_dim=\dimen145
\c__xeCJK_default-space_node_dim=\dimen146
\c__xeCJK_CJK-nobreak_node_dim=\dimen147
\l__xeCJK_ccglue_skip=\skip66
\l__xeCJK_ecglue_skip=\skip67
.................................................
. LaTeX info: "xparse/define-command"
. 
. Defining document command \xeCJKnobreak with arg. spec. '' on line 1155.
.................................................
.................................................
. LaTeX info: "xparse/define-command"
. 
. Defining document command \xeCJKDeclareSubCJKBlock with arg. spec.
. 's>{\TrimSpaces }m>{\TrimSpaces }m' on line 1337.
.................................................
.................................................
. LaTeX info: "xparse/define-command"
. 
. Defining document command \xeCJKCancelSubCJKBlock with arg. spec. 'sm' on
. line 1348.
.................................................
.................................................
. LaTeX info: "xparse/define-command"
. 
. Defining document command \xeCJKRestoreSubCJKBlock with arg. spec. 'sm' on
. line 1357.
.................................................
.................................................
. LaTeX info: "xparse/define-command"
. 
. Defining document command \xeCJKsetwidth with arg. spec. 'mm' on line 1436.
.................................................
.................................................
. LaTeX info: "xparse/define-command"
. 
. Defining document command \xeCJKsetkern with arg. spec. 'mmm' on line 1439.
.................................................
.................................................
. xtemplate info: "declare-object-type"
. 
. Declaring object type 'xeCJK/punctuation' taking \c_three  argument(s) on
. line 1532.
.................................................
\l__xeCJK_fixed_punct_width_dim=\dimen148
\l__xeCJK_mixed_punct_width_dim=\dimen149
\l__xeCJK_middle_punct_width_dim=\dimen150
\l__xeCJK_fixed_margin_width_dim=\dimen151
\l__xeCJK_mixed_margin_width_dim=\dimen152
\l__xeCJK_middle_margin_width_dim=\dimen153
\l__xeCJK_margin_minimum_dim=\dimen154
\l__xeCJK_kerning_total_width_dim=\dimen155
\l__xeCJK_same_align_margin_dim=\dimen156
\l__xeCJK_different_align_margin_dim=\dimen157
\l__xeCJK_kerning_margin_width_dim=\dimen158
\l__xeCJK_kerning_margin_minimum_dim=\dimen159
\l__xeCJK_bound_dim=\dimen160
\l__xeCJK_reverse_bound_dim=\dimen161
.................................................
. LaTeX info: "xparse/define-command"
. 
. Defining document command \xeCJKDeclarePunctStyle with arg. spec.
. '>{\TrimSpaces }mm' on line 1926.
.................................................
.................................................
. LaTeX info: "xparse/define-command"
. 
. Defining document command \xeCJKEditPunctStyle with arg. spec.
. '>{\TrimSpaces }mm' on line 1939.
.................................................
.................................................
. LaTeX info: "xparse/define-command"
. 
. Defining document command \setCJKfallbackfamilyfont with arg. spec. 'mO{}m'
. on line 2028.
.................................................
\g__xeCJK_family_int=\count133
.................................................
. LaTeX info: "xparse/define-command"
. 
. Defining document command \CJKfamily with arg. spec. 't+t-m' on line 2542.
.................................................
.................................................
. LaTeX info: "xparse/define-command"
. 
. Defining document command \__xeCJK_gobble_CJKfamily:wn with arg. spec.
. 't+t-m' on line 2555.
.................................................
.................................................
. LaTeX info: "xparse/define-command"
. 
. Defining document command \setCJKmainfont with arg. spec. 'O{}m' on line
. 2605.
.................................................
.................................................
. LaTeX info: "xparse/define-command"
. 
. Defining document command \setCJKsansfont with arg. spec. 'O{}m' on line
. 2611.
.................................................
.................................................
. LaTeX info: "xparse/define-command"
. 
. Defining document command \setCJKmonofont with arg. spec. 'O{}m' on line
. 2616.
.................................................
.................................................
. LaTeX info: "xparse/define-command"
. 
. Defining document command \setCJKfamilyfont with arg. spec. 'mO{}m' on line
. 2623.
.................................................
.................................................
. LaTeX info: "xparse/define-command"
. 
. Defining document command \newCJKfontfamily with arg. spec. 'omO{}m' on line
. 2629.
.................................................
.................................................
. LaTeX info: "xparse/define-command"
. 
. Defining document command \CJKfontspec with arg. spec. 'O{}m' on line 2634.
.................................................
.................................................
. LaTeX info: "xparse/define-command"
. 
. Defining document command \defaultCJKfontfeatures with arg. spec. 'm' on
. line 2657.
.................................................
.................................................
. LaTeX info: "xparse/define-command"
. 
. Defining document command \addCJKfontfeatures with arg. spec. 'sO{}m' on
. line 2663.
.................................................
.................................................
. LaTeX info: "xparse/define-command"
. 
. Defining document command \setCJKmathfont with arg. spec. 'O{}m' on line
. 2805.
.................................................
\l__xeCJK_verb_case_int=\count134
.................................................
. LaTeX info: "xparse/define-command"
. 
. Defining document command \xeCJKVerbAddon with arg. spec. '' on line 2885.
.................................................
.................................................
. LaTeX info: "xparse/define-command"
. 
. Defining document command \xeCJKOffVerbAddon with arg. spec. '' on line
. 2887.
.................................................
\l__xeCJK_verb_exspace_skip=\skip68

(/usr/share/texlive/texmf-dist/tex/latex/tools/indentfirst.sty
Package: indentfirst 1995/11/23 v1.03 Indent first paragraph (DPC)
)
.................................................
. LaTeX info: "xparse/define-command"
. 
. Defining document command \xeCJKsetup with arg. spec. '+m' on line 3164.
.................................................
.................................................
. LaTeX info: "xparse/define-command"
. 
. Defining document command \xeCJKsetemboldenfactor with arg. spec. 'm' on
. line 3166.
.................................................
.................................................
. LaTeX info: "xparse/define-command"
. 
. Defining document command \xeCJKsetslantfactor with arg. spec. 'm' on line
. 3168.
.................................................
.................................................
. LaTeX info: "xparse/define-command"
. 
. Defining document command \punctstyle with arg. spec. 'm' on line 3169.
.................................................
.................................................
. LaTeX info: "xparse/define-command"
. 
. Defining document command \xeCJKplainchr with arg. spec. '' on line 3170.
.................................................
.................................................
. LaTeX info: "xparse/define-command"
. 
. Defining document command \CJKsetecglue with arg. spec. 'm' on line 3171.
.................................................
.................................................
. LaTeX info: "xparse/define-command"
. 
. Defining document command \CJKspace with arg. spec. '' on line 3173.
.................................................
.................................................
. LaTeX info: "xparse/define-command"
. 
. Defining document command \CJKnospace with arg. spec. '' on line 3174.
.................................................
.................................................
. LaTeX info: "xparse/define-command"
. 
. Defining document command \xeCJKallowbreakbetweenpuncts with arg. spec. ''
. on line 3176.
.................................................
.................................................
. LaTeX info: "xparse/define-command"
. 
. Defining document command \xeCJKnobreakbetweenpuncts with arg. spec. '' on
. line 3178.
.................................................
.................................................
. LaTeX info: "xparse/define-command"
. 
. Defining document command \xeCJKenablefallback with arg. spec. '' on line
. 3180.
.................................................
.................................................
. LaTeX info: "xparse/define-command"
. 
. Defining document command \xeCJKdisablefallback with arg. spec. '' on line
. 3182.
.................................................
.................................................
. LaTeX info: "xparse/define-command"
. 
. Defining document command \xeCJKsetcharclass with arg. spec. 'mmm' on line
. 3187.
.................................................

*************************************************
* LaTeX warning: "xparse/redefine-command"
* 
* Redefining document command \fontfamily with arg. spec. 'm' on line 3255.
*************************************************
.................................................
. LaTeX info: "xparse/define-command"
. 
. Defining document command \xeCJKcaption with arg. spec. 'om' on line 3393.
.................................................
(/usr/share/texlive/texmf-dist/tex/xelatex/xecjk/config/xeCJK.cfg
File: xeCJK.cfg 2013/07/06 v3.2.4 Configuration file for xeCJK package
))
\g_fontspec_family_SimSun_int=\count135
.................................................
. fontspec info: "defining-font"
. 
. Font family 'SimSun(0)' created for font 'SimSun' with options
. [Script={CJK},BoldFeatures={FakeBold={4}},ItalicFeatures={FakeSlant={0.167}},
BoldItalicFeatures={FakeBold={4},FakeSlant={0.167}},SlantedFeatures={FakeSlant=
{0.167}},BoldSlantedFeatures={FakeBold={4},FakeSlant={0.167}},BoldFont={*},Ital
icFont={*},BoldItalicFont={*},SlantedFont={*},BoldSlantedFont={*}].
. 
. This font family consists of the following shapes:
. 
. * 'normal' with NFSS spec.:
. <->"SimSun/ICU:script=hani;language=DFLT;"
. 
. * 'bold' with NFSS spec.:
. <->"SimSun/ICU:script=hani;language=DFLT;embolden=4;"
. 
. * 'italic' with NFSS spec.:
. <->"SimSun/ICU:script=hani;language=DFLT;slant=0.167;"
. 
. * 'sl/,FakeSlant={0.167}' with NFSS spec.:
. <->"SimSun/ICU:script=hani;language=DFLT;slant=0.167;"
. 
. * 'bold italic' with NFSS spec.:
. <->"SimSun/ICU:script=hani;language=DFLT;embolden=4;slant=0.167;"
. 
. * 'sl/,FakeBold={4},FakeSlant={0.167}' with NFSS spec.:
. <->"SimSun/ICU:script=hani;language=DFLT;embolden=4;slant=0.167;"
.................................................

(/usr/share/texlive/texmf-dist/tex/latex/moderncv/moderncvcolorblue.sty
Package: moderncvcolorblue 2013/04/29 v1.5.1 modern curriculum vitae and letter
 color scheme: blue
)
(/usr/share/texlive/texmf-dist/tex/latex/moderncv/moderncvstyleclassic.sty
Package: moderncvstyleclassic 2013/04/29 v1.5.1 modern curriculum vitae and let
ter style scheme: classic

(/usr/share/texlive/texmf-dist/tex/latex/moderncv/moderncviconsmarvosym.sty
Package: moderncviconsmarvosym 2013/04/29 v1.5.1 modern curriculum vitae and le
tter icons: marvosym

(/usr/share/texmf/tex/latex/pgf/frontendlayer/tikz.sty
(/usr/share/texmf/tex/latex/pgf/basiclayer/pgf.sty
(/usr/share/texmf/tex/latex/pgf/utilities/pgfrcs.sty
(/usr/share/texmf/tex/generic/pgf/utilities/pgfutil-common.tex
\pgfutil@everybye=\toks18
)
(/usr/share/texmf/tex/generic/pgf/utilities/pgfutil-latex.def
\pgfutil@abb=\box42

(/usr/share/texlive/texmf-dist/tex/latex/ms/everyshi.sty
Package: everyshi 2001/05/15 v3.00 EveryShipout Package (MS)
))
(/usr/share/texmf/tex/generic/pgf/utilities/pgfrcs.code.tex
Package: pgfrcs 2010/10/25 v2.10 (rcs-revision 1.24)
))
Package: pgf 2008/01/15 v2.10 (rcs-revision 1.12)

(/usr/share/texmf/tex/latex/pgf/basiclayer/pgfcore.sty
(/usr/share/texmf/tex/latex/pgf/systemlayer/pgfsys.sty
(/usr/share/texmf/tex/generic/pgf/systemlayer/pgfsys.code.tex
Package: pgfsys 2010/06/30 v2.10 (rcs-revision 1.37)

(/usr/share/texmf/tex/generic/pgf/utilities/pgfkeys.code.tex
\pgfkeys@pathtoks=\toks19
\pgfkeys@temptoks=\toks20

(/usr/share/texmf/tex/generic/pgf/utilities/pgfkeysfiltered.code.tex
\pgfkeys@tmptoks=\toks21
))
\pgf@x=\dimen162
\pgf@y=\dimen163
\pgf@xa=\dimen164
\pgf@ya=\dimen165
\pgf@xb=\dimen166
\pgf@yb=\dimen167
\pgf@xc=\dimen168
\pgf@yc=\dimen169
\w@pgf@writea=\write3
\r@pgf@reada=\read2
\c@pgf@counta=\count136
\c@pgf@countb=\count137
\c@pgf@countc=\count138
\c@pgf@countd=\count139

(/usr/share/texmf/tex/generic/pgf/systemlayer/pgf.cfg
File: pgf.cfg 2008/05/14  (rcs-revision 1.7)
)
Package pgfsys Info: Driver file for pgf: pgfsys-xetex.def on input line 900.

(/usr/share/texmf/tex/generic/pgf/systemlayer/pgfsys-xetex.def
File: pgfsys-xetex.def 2010/02/16  (rcs-revision 1.3)

(/usr/share/texmf/tex/generic/pgf/systemlayer/pgfsys-common-pdf.def
File: pgfsys-common-pdf.def 2008/05/19  (rcs-revision 1.10)
)
(/usr/share/texmf/tex/generic/pgf/systemlayer/pgfsys-common-pdf-via-dvi.def
File: pgfsys-common-pdf-via-dvi.def 2008/05/19  (rcs-revision 1.7)
)))
(/usr/share/texmf/tex/generic/pgf/systemlayer/pgfsyssoftpath.code.tex
File: pgfsyssoftpath.code.tex 2008/07/18  (rcs-revision 1.7)
\pgfsyssoftpath@smallbuffer@items=\count140
\pgfsyssoftpath@bigbuffer@items=\count141
)
(/usr/share/texmf/tex/generic/pgf/systemlayer/pgfsysprotocol.code.tex
File: pgfsysprotocol.code.tex 2006/10/16  (rcs-revision 1.4)
))
(/usr/share/texmf/tex/generic/pgf/basiclayer/pgfcore.code.tex
Package: pgfcore 2010/04/11 v2.10 (rcs-revision 1.7)

(/usr/share/texmf/tex/generic/pgf/math/pgfmath.code.tex
(/usr/share/texmf/tex/generic/pgf/math/pgfmathcalc.code.tex
(/usr/share/texmf/tex/generic/pgf/math/pgfmathutil.code.tex)
(/usr/share/texmf/tex/generic/pgf/math/pgfmathparser.code.tex
\pgfmath@dimen=\dimen170
\pgfmath@count=\count142
\pgfmath@box=\box43
\pgfmath@toks=\toks22
\pgfmath@stack@operand=\toks23
\pgfmath@stack@operation=\toks24
)
(/usr/share/texmf/tex/generic/pgf/math/pgfmathfunctions.code.tex
(/usr/share/texmf/tex/generic/pgf/math/pgfmathfunctions.basic.code.tex)
(/usr/share/texmf/tex/generic/pgf/math/pgfmathfunctions.trigonometric.code.tex)
(/usr/share/texmf/tex/generic/pgf/math/pgfmathfunctions.random.code.tex)
(/usr/share/texmf/tex/generic/pgf/math/pgfmathfunctions.comparison.code.tex)
(/usr/share/texmf/tex/generic/pgf/math/pgfmathfunctions.base.code.tex)
(/usr/share/texmf/tex/generic/pgf/math/pgfmathfunctions.round.code.tex)
(/usr/share/texmf/tex/generic/pgf/math/pgfmathfunctions.misc.code.tex)))
(/usr/share/texmf/tex/generic/pgf/math/pgfmathfloat.code.tex
\c@pgfmathroundto@lastzeros=\count143
))
(/usr/share/texmf/tex/generic/pgf/basiclayer/pgfcorepoints.code.tex
File: pgfcorepoints.code.tex 2010/04/09  (rcs-revision 1.20)
\pgf@picminx=\dimen171
\pgf@picmaxx=\dimen172
\pgf@picminy=\dimen173
\pgf@picmaxy=\dimen174
\pgf@pathminx=\dimen175
\pgf@pathmaxx=\dimen176
\pgf@pathminy=\dimen177
\pgf@pathmaxy=\dimen178
\pgf@xx=\dimen179
\pgf@xy=\dimen180
\pgf@yx=\dimen181
\pgf@yy=\dimen182
\pgf@zx=\dimen183
\pgf@zy=\dimen184
)
(/usr/share/texmf/tex/generic/pgf/basiclayer/pgfcorepathconstruct.code.tex
File: pgfcorepathconstruct.code.tex 2010/08/03  (rcs-revision 1.24)
\pgf@path@lastx=\dimen185
\pgf@path@lasty=\dimen186
)
(/usr/share/texmf/tex/generic/pgf/basiclayer/pgfcorepathusage.code.tex
File: pgfcorepathusage.code.tex 2008/04/22  (rcs-revision 1.12)
\pgf@shorten@end@additional=\dimen187
\pgf@shorten@start@additional=\dimen188
)
(/usr/share/texmf/tex/generic/pgf/basiclayer/pgfcorescopes.code.tex
File: pgfcorescopes.code.tex 2010/09/08  (rcs-revision 1.34)
\pgfpic=\box44
\pgf@hbox=\box45
\pgf@layerbox@main=\box46
\pgf@picture@serial@count=\count144
)
(/usr/share/texmf/tex/generic/pgf/basiclayer/pgfcoregraphicstate.code.tex
File: pgfcoregraphicstate.code.tex 2008/04/22  (rcs-revision 1.9)
\pgflinewidth=\dimen189
)
(/usr/share/texmf/tex/generic/pgf/basiclayer/pgfcoretransformations.code.tex
File: pgfcoretransformations.code.tex 2009/06/10  (rcs-revision 1.11)
\pgf@pt@x=\dimen190
\pgf@pt@y=\dimen191
\pgf@pt@temp=\dimen192
)
(/usr/share/texmf/tex/generic/pgf/basiclayer/pgfcorequick.code.tex
File: pgfcorequick.code.tex 2008/10/09  (rcs-revision 1.3)
)
(/usr/share/texmf/tex/generic/pgf/basiclayer/pgfcoreobjects.code.tex
File: pgfcoreobjects.code.tex 2006/10/11  (rcs-revision 1.2)
)
(/usr/share/texmf/tex/generic/pgf/basiclayer/pgfcorepathprocessing.code.tex
File: pgfcorepathprocessing.code.tex 2008/10/09  (rcs-revision 1.8)
)
(/usr/share/texmf/tex/generic/pgf/basiclayer/pgfcorearrows.code.tex
File: pgfcorearrows.code.tex 2008/04/23  (rcs-revision 1.11)
)
(/usr/share/texmf/tex/generic/pgf/basiclayer/pgfcoreshade.code.tex
File: pgfcoreshade.code.tex 2008/11/23  (rcs-revision 1.13)
\pgf@max=\dimen193
\pgf@sys@shading@range@num=\count145
)
(/usr/share/texmf/tex/generic/pgf/basiclayer/pgfcoreimage.code.tex
File: pgfcoreimage.code.tex 2010/03/25  (rcs-revision 1.16)

(/usr/share/texmf/tex/generic/pgf/basiclayer/pgfcoreexternal.code.tex
File: pgfcoreexternal.code.tex 2010/09/01  (rcs-revision 1.17)
\pgfexternal@startupbox=\box47
))
(/usr/share/texmf/tex/generic/pgf/basiclayer/pgfcorelayers.code.tex
File: pgfcorelayers.code.tex 2010/08/27  (rcs-revision 1.2)
)
(/usr/share/texmf/tex/generic/pgf/basiclayer/pgfcoretransparency.code.tex
File: pgfcoretransparency.code.tex 2008/01/17  (rcs-revision 1.2)
)
(/usr/share/texmf/tex/generic/pgf/basiclayer/pgfcorepatterns.code.tex
File: pgfcorepatterns.code.tex 2009/07/02  (rcs-revision 1.3)
)))
(/usr/share/texmf/tex/generic/pgf/modules/pgfmoduleshapes.code.tex
File: pgfmoduleshapes.code.tex 2010/09/09  (rcs-revision 1.13)
\pgfnodeparttextbox=\box48
)
(/usr/share/texmf/tex/generic/pgf/modules/pgfmoduleplot.code.tex
File: pgfmoduleplot.code.tex 2010/10/22  (rcs-revision 1.8)
)
(/usr/share/texmf/tex/latex/pgf/compatibility/pgfcomp-version-0-65.sty
Package: pgfcomp-version-0-65 2007/07/03 v2.10 (rcs-revision 1.7)
\pgf@nodesepstart=\dimen194
\pgf@nodesepend=\dimen195
)
(/usr/share/texmf/tex/latex/pgf/compatibility/pgfcomp-version-1-18.sty
Package: pgfcomp-version-1-18 2007/07/23 v2.10 (rcs-revision 1.1)
))
(/usr/share/texmf/tex/latex/pgf/utilities/pgffor.sty
(/usr/share/texmf/tex/latex/pgf/utilities/pgfkeys.sty
(/usr/share/texmf/tex/generic/pgf/utilities/pgfkeys.code.tex))
(/usr/share/texmf/tex/generic/pgf/utilities/pgffor.code.tex
Package: pgffor 2010/03/23 v2.10 (rcs-revision 1.18)
\pgffor@iter=\dimen196
\pgffor@skip=\dimen197
\pgffor@stack=\toks25
\pgffor@toks=\toks26
))
(/usr/share/texmf/tex/generic/pgf/frontendlayer/tikz/tikz.code.tex
Package: tikz 2010/10/13 v2.10 (rcs-revision 1.76)

(/usr/share/texmf/tex/generic/pgf/libraries/pgflibraryplothandlers.code.tex
File: pgflibraryplothandlers.code.tex 2010/05/31 v2.10 (rcs-revision 1.15)
\pgf@plot@mark@count=\count146
\pgfplotmarksize=\dimen198
)
\tikz@lastx=\dimen199
\tikz@lasty=\dimen200
\tikz@lastxsaved=\dimen201
Normal \dimen register pool exhausted, switching to extended pool.
\tikz@lastysaved=\dimen256
\tikzleveldistance=\dimen257
\tikzsiblingdistance=\dimen258
\tikz@figbox=\box49
\tikz@tempbox=\box50
\tikztreelevel=\count147
\tikznumberofchildren=\count148
\tikznumberofcurrentchild=\count149
\tikz@fig@count=\count150

(/usr/share/texmf/tex/generic/pgf/modules/pgfmodulematrix.code.tex
File: pgfmodulematrix.code.tex 2010/08/24  (rcs-revision 1.4)
\pgfmatrixcurrentrow=\count151
\pgfmatrixcurrentcolumn=\count152
\pgf@matrix@numberofcolumns=\count153
)
\tikz@expandcount=\count154

(/usr/share/texmf/tex/generic/pgf/frontendlayer/tikz/libraries/tikzlibrarytopat
hs.code.tex
File: tikzlibrarytopaths.code.tex 2008/06/17 v2.10 (rcs-revision 1.2)
))))
\quotewidth=\skip69
\hintscolumnwidth=\skip70
\separatorcolumnwidth=\skip71
\maincolumnwidth=\skip72
\doubleitemmaincolumnwidth=\skip73
\listitemsymbolwidth=\skip74
LaTeX Font Info:    Try loading font information for U+mvs on input line 68.
 (/usr/share/texlive/texmf-dist/tex/latex/marvosym/umvs.fd)
\listitemmaincolumnwidth=\skip75
\listdoubleitemmaincolumnwidth=\skip76
\makecvtitlenamewidth=\skip77
\baseletterheight=\skip78

*************************************************
* LaTeX warning: "xparse/redefine-command"
* 
* Redefining document command \section with arg. spec. 'sm' on line 160.
*************************************************
*************************************************
* LaTeX warning: "xparse/redefine-command"
* 
* Redefining document command \subsection with arg. spec. 'sm' on line 169.
*************************************************
\cvitemwithcommentmainbox=\box51
\cvitemwithcommentmainlength=\skip79
\cvitemwithcommentcommentlength=\skip80
) (/usr/share/texlive/texmf-dist/tex/latex/geometry/geometry.sty
Package: geometry 2010/09/12 v5.6 Page Geometry

(/usr/share/texlive/texmf-dist/tex/generic/oberdiek/ifvtex.sty
Package: ifvtex 2010/03/01 v1.5 Detect VTeX and its facilities (HO)
Package ifvtex Info: VTeX not detected.
)
\Gm@cnth=\count155
\Gm@cntv=\count156
\c@Gm@tempcnt=\count157
\Gm@bindingoffset=\dimen259
\Gm@wd@mp=\dimen260
\Gm@odd@mp=\dimen261
\Gm@even@mp=\dimen262
\Gm@layoutwidth=\dimen263
\Gm@layoutheight=\dimen264
\Gm@layouthoffset=\dimen265
\Gm@layoutvoffset=\dimen266
\Gm@dimlist=\toks27
)
(/usr/share/texlive/texmf-dist/tex/latex/hyperref/hyperref.sty
Package: hyperref 2012/11/06 v6.83m Hypertext links for LaTeX

(/usr/share/texlive/texmf-dist/tex/generic/oberdiek/hobsub-hyperref.sty
Package: hobsub-hyperref 2012/05/28 v1.13 Bundle oberdiek, subset hyperref (HO)


(/usr/share/texlive/texmf-dist/tex/generic/oberdiek/hobsub-generic.sty
Package: hobsub-generic 2012/05/28 v1.13 Bundle oberdiek, subset generic (HO)
Package: hobsub 2012/05/28 v1.13 Construct package bundles (HO)
Package: infwarerr 2010/04/08 v1.3 Providing info/warning/error messages (HO)
Package: ltxcmds 2011/11/09 v1.22 LaTeX kernel commands for general use (HO)
Package hobsub Info: Skipping package `ifluatex' (already loaded).
Package hobsub Info: Skipping package `ifvtex' (already loaded).
Package: intcalc 2007/09/27 v1.1 Expandable calculations with integers (HO)
Package hobsub Info: Skipping package `ifpdf' (already loaded).
Package: etexcmds 2011/02/16 v1.5 Avoid name clashes with e-TeX commands (HO)
Package etexcmds Info: Could not find \expanded.
(etexcmds)             That can mean that you are not using pdfTeX 1.50 or
(etexcmds)             that some package has redefined \expanded.
(etexcmds)             In the latter case, load this package earlier.
Package: kvsetkeys 2012/04/25 v1.16 Key value parser (HO)
Package: kvdefinekeys 2011/04/07 v1.3 Define keys (HO)
Package: pdftexcmds 2011/11/29 v0.20 Utility functions of pdfTeX for LuaTeX (HO
)
Package pdftexcmds Info: LuaTeX not detected.
Package pdftexcmds Info: pdfTeX >= 1.30 not detected.
Package pdftexcmds Info: \pdf@primitive is available.
Package pdftexcmds Info: \pdf@ifprimitive is available.
Package pdftexcmds Info: \pdfdraftmode not found.
Package: pdfescape 2011/11/25 v1.13 Implements pdfTeX's escape features (HO)
Package: bigintcalc 2012/04/08 v1.3 Expandable calculations on big integers (HO
)
Package: bitset 2011/01/30 v1.1 Handle bit-vector datatype (HO)
Package: uniquecounter 2011/01/30 v1.2 Provide unlimited unique counter (HO)
)
Package hobsub Info: Skipping package `hobsub' (already loaded).
Package: letltxmacro 2010/09/02 v1.4 Let assignment for LaTeX macros (HO)
Package: hopatch 2012/05/28 v1.2 Wrapper for package hooks (HO)
Package: xcolor-patch 2011/01/30 xcolor patch
Package: atveryend 2011/06/30 v1.8 Hooks at the very end of document (HO)
Package: atbegshi 2011/10/05 v1.16 At begin shipout hook (HO)
Package: refcount 2011/10/16 v3.4 Data extraction from label references (HO)
Package: hycolor 2011/01/30 v1.7 Color options for hyperref/bookmark (HO)
)
(/usr/share/texlive/texmf-dist/tex/latex/oberdiek/auxhook.sty
Package: auxhook 2011/03/04 v1.3 Hooks for auxiliary files (HO)
)
(/usr/share/texlive/texmf-dist/tex/latex/oberdiek/kvoptions.sty
Package: kvoptions 2011/06/30 v3.11 Key value format for package options (HO)
)
\@linkdim=\dimen267
\Hy@linkcounter=\count158
\Hy@pagecounter=\count159

(/usr/share/texlive/texmf-dist/tex/latex/hyperref/pd1enc.def
File: pd1enc.def 2012/11/06 v6.83m Hyperref: PDFDocEncoding definition (HO)
)
\Hy@SavedSpaceFactor=\count160

(/usr/share/texlive/texmf-dist/tex/latex/latexconfig/hyperref.cfg
File: hyperref.cfg 2002/06/06 v1.2 hyperref configuration of TeXLive
)
Package hyperref Info: Option `unicode' set `true' on input line 4319.

(/usr/share/texlive/texmf-dist/tex/latex/hyperref/puenc.def
File: puenc.def 2012/11/06 v6.83m Hyperref: PDF Unicode definition (HO)
)
Package hyperref Info: Hyper figures OFF on input line 4443.
Package hyperref Info: Link nesting OFF on input line 4448.
Package hyperref Info: Hyper index ON on input line 4451.
Package hyperref Info: Plain pages OFF on input line 4458.
Package hyperref Info: Backreferencing OFF on input line 4463.
Package hyperref Info: Implicit mode ON; LaTeX internals redefined.
Package hyperref Info: Bookmarks ON on input line 4688.
\c@Hy@tempcnt=\count161
LaTeX Info: Redefining \url on input line 5041.
\XeTeXLinkMargin=\dimen268
\Fld@menulength=\count162
\Field@Width=\dimen269
\Fld@charsize=\dimen270
Package hyperref Info: Hyper figures OFF on input line 6295.
Package hyperref Info: Link nesting OFF on input line 6300.
Package hyperref Info: Hyper index ON on input line 6303.
Package hyperref Info: backreferencing OFF on input line 6310.
Package hyperref Info: Link coloring OFF on input line 6315.
Package hyperref Info: Link coloring with OCG OFF on input line 6320.
Package hyperref Info: PDF/A mode OFF on input line 6325.
LaTeX Info: Redefining \ref on input line 6365.
LaTeX Info: Redefining \pageref on input line 6369.
\Hy@abspage=\count163
\c@Item=\count164
\c@Hfootnote=\count165
)

Package hyperref Message: Driver (autodetected): hxetex.

(/usr/share/texlive/texmf-dist/tex/latex/hyperref/hxetex.def
File: hxetex.def 2012/11/06 v6.83m Hyperref driver for XeTeX

(/usr/share/texlive/texmf-dist/tex/generic/oberdiek/stringenc.sty
Package: stringenc 2011/12/02 v1.10 Convert strings between diff. encodings (HO
)
)
\pdfm@box=\box52
\c@Hy@AnnotLevel=\count166
\HyField@AnnotCount=\count167
\Fld@listcount=\count168
\c@bookmark@seq@number=\count169

(/usr/share/texlive/texmf-dist/tex/latex/oberdiek/rerunfilecheck.sty
Package: rerunfilecheck 2011/04/15 v1.7 Rerun checks for auxiliary files (HO)
Package rerunfilecheck Info: Feature \pdfmdfivesum is not available
(rerunfilecheck)             (e.g. pdfTeX or LuaTeX with package `pdftexcmds').

(rerunfilecheck)             Therefore file contents cannot be checked efficien
tly
(rerunfilecheck)             and the loading of the package is aborted.
)
\Hy@SectionHShift=\skip81
)
Package hyperref Info: Option `breaklinks' set `true' on input line 53.
Package hyperref Info: Option `bookmarksopen' set `true' on input line 53.

(./template_cn_blue.aux)
\openout1 = `template_cn_blue.aux'.

LaTeX Font Info:    Checking defaults for OML/cmm/m/it on input line 53.
LaTeX Font Info:    ... okay on input line 53.
LaTeX Font Info:    Checking defaults for T1/cmr/m/n on input line 53.
LaTeX Font Info:    ... okay on input line 53.
LaTeX Font Info:    Checking defaults for OT1/cmr/m/n on input line 53.
LaTeX Font Info:    ... okay on input line 53.
LaTeX Font Info:    Checking defaults for OMS/cmsy/m/n on input line 53.
LaTeX Font Info:    ... okay on input line 53.
LaTeX Font Info:    Checking defaults for OMX/cmex/m/n on input line 53.
LaTeX Font Info:    ... okay on input line 53.
LaTeX Font Info:    Checking defaults for U/cmr/m/n on input line 53.
LaTeX Font Info:    ... okay on input line 53.
LaTeX Font Info:    Checking defaults for EU1/lmr/m/n on input line 53.
LaTeX Font Info:    ... okay on input line 53.
LaTeX Font Info:    Checking defaults for T3/cmr/m/n on input line 53.
LaTeX Font Info:    Try loading font information for T3+cmr on input line 53.
 (/usr/share/texmf/tex/latex/tipa/t3cmr.fd
File: t3cmr.fd 2001/12/31 TIPA font definitions
)
LaTeX Font Info:    ... okay on input line 53.
LaTeX Font Info:    Checking defaults for PD1/pdf/m/n on input line 53.
LaTeX Font Info:    ... okay on input line 53.
LaTeX Font Info:    Checking defaults for PU/pdf/m/n on input line 53.
LaTeX Font Info:    ... okay on input line 53.


Package microtype Warning: Command \pickup@font is not defined as expected.
(microtype)                Patching it anyway. Some things may break.
(microtype)                Double-check whether micro-typography is indeed
(microtype)                applied to the document.
(microtype)                (Hint: Turn on `verbose' mode).

LaTeX Info: Redefining \microtypecontext on input line 53.
Package microtype Info: Character protrusion enabled (level 2).
Package microtype Info: Using default protrusion set `alltext'.
Package microtype Info: No adjustment of tracking.
Package microtype Info: No adjustment of spacing.
Package microtype Info: No adjustment of kerning.
Package microtype Info: Loading generic settings for font family
(microtype)             `Tahoma' (encoding: EU1).
(microtype)             For optimal results, create family-specific settings.
(microtype)             See the microtype manual for details.
ABD: EveryShipout initializing macros
*geometry* driver: auto-detecting
*geometry* detected driver: xetex
*geometry* verbose mode - [ preamble ] result:
* driver: xetex
* paper: a4paper
* layout: <same size as paper>
* layoutoffset:(h,v)=(0.0pt,0.0pt)
* modes: 
* h-part:(L,W,R)=(59.74988pt, 478.00812pt, 59.74988pt)
* v-part:(T,H,B)=(67.60269pt, 676.04005pt, 101.4041pt)
* \paperwidth=597.50787pt
* \paperheight=845.04684pt
* \textwidth=478.00812pt
* \textheight=676.04005pt
* \oddsidemargin=-12.52011pt
* \evensidemargin=-12.52011pt
* \topmargin=-41.6673pt
* \headheight=12.0pt
* \headsep=25.0pt
* \topskip=11.0pt
* \footskip=30.0pt
* \marginparwidth=50.0pt
* \marginparsep=10.0pt
* \columnsep=10.0pt
* \skip\footins=10.0pt plus 4.0pt minus 2.0pt
* \hoffset=0.0pt
* \voffset=0.0pt
* \mag=1000
* \@twocolumnfalse
* \@twosidefalse
* \@mparswitchfalse
* \@reversemarginfalse
* (1in=72.27pt=25.4mm, 1cm=28.453pt)

\AtBeginShipoutBox=\box53
Package hyperref Info: Link coloring OFF on input line 53.
(/usr/share/texlive/texmf-dist/tex/latex/hyperref/nameref.sty
Package: nameref 2012/10/27 v2.43 Cross-referencing by name of section

(/usr/share/texlive/texmf-dist/tex/generic/oberdiek/gettitlestring.sty
Package: gettitlestring 2010/12/03 v1.4 Cleanup title references (HO)
)
\c@section@level=\count170
)
LaTeX Info: Redefining \ref on input line 53.
LaTeX Info: Redefining \pageref on input line 53.
LaTeX Info: Redefining \nameref on input line 53.

(./template_cn_blue.out) (./template_cn_blue.out)
\@outlinefile=\write4
\openout4 = `template_cn_blue.out'.

\pagenumberwidth=\skip82


LaTeX Font Warning: Font shape `EU1/Tahoma(0)/m/sl' undefined
(Font)              using `EU1/Tahoma(0)/m/n' instead on input line 53.


LaTeX Font Warning: Font shape `EU1/Tahoma(0)/m/it' undefined
(Font)              using `EU1/Tahoma(0)/m/n' instead on input line 53.

\makecvtitledetailsbox=\box54
LaTeX Font Info:    Try loading font information for OT1+lmr on input line 55.
(/usr/share/texmf/tex/latex/lm/ot1lmr.fd
File: ot1lmr.fd 2009/10/30 v1.6 Font defs for Latin Modern
)
(/usr/share/texlive/texmf-dist/tex/latex/microtype/mt-cmr.cfg
File: mt-cmr.cfg 2013/05/19 v2.2 microtype config. file: Computer Modern Roman 
(RS)
)
LaTeX Font Info:    Try loading font information for OML+lmm on input line 55.

(/usr/share/texmf/tex/latex/lm/omllmm.fd
File: omllmm.fd 2009/10/30 v1.6 Font defs for Latin Modern
)
LaTeX Font Info:    Try loading font information for OMS+lmsy on input line 55.


(/usr/share/texmf/tex/latex/lm/omslmsy.fd
File: omslmsy.fd 2009/10/30 v1.6 Font defs for Latin Modern
)
LaTeX Font Info:    Try loading font information for OMX+lmex on input line 55.


(/usr/share/texmf/tex/latex/lm/omxlmex.fd
File: omxlmex.fd 2009/10/30 v1.6 Font defs for Latin Modern
)
LaTeX Font Info:    External font `lmex10' loaded for size
(Font)              <10> on input line 55.
LaTeX Font Info:    External font `lmex10' loaded for size
(Font)              <7> on input line 55.
LaTeX Font Info:    External font `lmex10' loaded for size
(Font)              <5> on input line 55.

(/usr/share/texlive/texmf-dist/tex/latex/microtype/mt-mvs.cfg
File: mt-mvs.cfg 2006/07/05 v1.1 microtype config. file: Marvosym Euro (RS)
)
\makecvtitlepicturebox=\box55
File: picture.jpg Graphic file (type QTm)

<use  "picture.jpg" >
\makecvtitledetailswidth=\skip83
\makecvtitlepicturewidth=\skip84
Package microtype Info: Loading generic settings for font family
(microtype)             `SimSun' (encoding: EU1).
(microtype)             For optimal results, create family-specific settings.
(microtype)             See the microtype manual for details.
LaTeX Font Info:    External font `lmex10' loaded for size
(Font)              <12> on input line 55.
LaTeX Font Info:    External font `lmex10' loaded for size
(Font)              <8> on input line 55.
LaTeX Font Info:    External font `lmex10' loaded for size
(Font)              <6> on input line 55.
LaTeX Font Info:    External font `lmex10' loaded for size
(Font)              <10.95> on input line 55.


LaTeX Font Warning: Font shape `EU1/Tahoma(0)/bx/n' undefined
(Font)              using `EU1/Tahoma(0)/m/n' instead on input line 61.

[1

]
Package atveryend Info: Empty hook `BeforeClearDocument' on input line 106.
 [2]
Package atveryend Info: Empty hook `AfterLastShipout' on input line 106.
 (./template_cn_blue.aux)
Package atveryend Info: Empty hook `AtVeryEndDocument' on input line 106.
Package atveryend Info: Empty hook `AtEndAfterFileList' on input line 106.


LaTeX Font Warning: Some font shapes were not available, defaults substituted.


LaTeX Warning: Label(s) may have changed. Rerun to get cross-references right.

 ) 
Here is how much of TeX's memory you used:
 32911 strings out of 493934
 659674 string characters out of 6150767
 694017 words of memory out of 5000000
 35737 multiletter control sequences out of 15000+600000
 31082 words of font info for 62 fonts, out of 8000000 for 9000
 1144 hyphenation exceptions out of 8191
 70i,13n,59p,782b,357s stack positions out of 5000i,500n,10000p,200000b,80000s

Output written on template_cn_blue.pdf (2 pages).
