\BOOKMARK [0][-]{section*.1}{摘要}{}% 1
\BOOKMARK [0][-]{section*.2}{目录}{}% 2
\BOOKMARK [0][-]{section*.2}{插图目录}{}% 3
\BOOKMARK [0][-]{section*.2}{表格目录}{}% 4
\BOOKMARK [0][-]{chapter.1}{公司概况}{}% 5
\BOOKMARK [1][-]{section.1.1}{公司基本情况}{chapter.1}% 6
\BOOKMARK [2][-]{subsection.1.1.1}{股本结构}{section.1.1}% 7
\BOOKMARK [2][-]{subsection.1.1.2}{组织结构}{section.1.1}% 8
\BOOKMARK [1][-]{section.1.2}{公司经营与财务情况}{chapter.1}% 9
\BOOKMARK [2][-]{subsection.1.2.1}{经营情况}{section.1.2}% 10
\BOOKMARK [2][-]{subsection.1.2.2}{财务情况}{section.1.2}% 11
\BOOKMARK [0][-]{chapter.2}{经营情况与财务状况分析}{}% 12
\BOOKMARK [1][-]{section.2.1}{公司战略分析}{chapter.2}% 13
\BOOKMARK [2][-]{subsection.2.1.1}{经营情况分析}{section.2.1}% 14
\BOOKMARK [2][-]{subsection.2.1.2}{行业分析}{section.2.1}% 15
\BOOKMARK [2][-]{subsection.2.1.3}{公司行业地位分析\(暂缺\)}{section.2.1}% 16
\BOOKMARK [2][-]{subsection.2.1.4}{竞争策略分析}{section.2.1}% 17
\BOOKMARK [1][-]{section.2.2}{财务状况分析}{chapter.2}% 18
\BOOKMARK [2][-]{subsection.2.2.1}{资产状况分析}{section.2.2}% 19
\BOOKMARK [2][-]{subsection.2.2.2}{债务状况分析}{section.2.2}% 20
\BOOKMARK [0][-]{chapter.3}{公司重大事项分析}{}% 21
\BOOKMARK [1][-]{section.3.1}{经营范围变更}{chapter.3}% 22
\BOOKMARK [1][-]{section.3.2}{股东变更}{chapter.3}% 23
\BOOKMARK [1][-]{section.3.3}{投资建立中恒通（吉林）机械制造有限公司}{chapter.3}% 24
\BOOKMARK [0][-]{chapter.4}{投资价值分析}{}% 25
\BOOKMARK [1][-]{section.4.1}{主营业务发张强劲，盈利能力得到提升}{chapter.4}% 26
\BOOKMARK [1][-]{section.4.2}{现金流量缺口较大，短期流动资金支付不足}{chapter.4}% 27
