\BOOKMARK [0][-]{section*.1}{摘要}{}% 1
\BOOKMARK [0][-]{section*.2}{英文摘要}{}% 2
\BOOKMARK [0][-]{section*.3}{目录}{}% 3
\BOOKMARK [0][-]{section*.4}{英文目录}{}% 4
\BOOKMARK [0][-]{section*.4}{插图目录}{}% 5
\BOOKMARK [0][-]{section*.4}{表格目录}{}% 6
\BOOKMARK [0][-]{section*.4}{术语表}{}% 7
\BOOKMARK [0][-]{chapter.1}{绪论}{}% 8
\BOOKMARK [1][-]{section.1.1}{研究背景与研究动机}{chapter.1}% 9
\BOOKMARK [1][-]{section.1.2}{研究目的及意义}{chapter.1}% 10
\BOOKMARK [1][-]{section.1.3}{研究框架}{chapter.1}% 11
\BOOKMARK [0][-]{chapter.2}{文献综述}{}% 12
\BOOKMARK [1][-]{section.2.1}{利率期限结构：理论与模型}{chapter.2}% 13
\BOOKMARK [2][-]{subsection.2.1.1}{基本概念介绍}{section.2.1}% 14
\BOOKMARK [2][-]{subsection.2.1.2}{利率期限结构的基本问题}{section.2.1}% 15
\BOOKMARK [2][-]{subsection.2.1.3}{利率期限结构的理论与模型}{section.2.1}% 16
\BOOKMARK [2][-]{subsection.2.1.4}{利率期限结构模型}{section.2.1}% 17
\BOOKMARK [2][-]{subsection.2.1.5}{利率期限结构的实证分析}{section.2.1}% 18
\BOOKMARK [1][-]{section.2.2}{动态 Nelson-Siegel 利率期限结构模型}{chapter.2}% 19
\BOOKMARK [2][-]{subsection.2.2.1}{影响因子的经济解释}{section.2.2}% 20
\BOOKMARK [2][-]{subsection.2.2.2}{模型估计与预测}{section.2.2}% 21
\BOOKMARK [1][-]{section.2.3}{人口年龄结构变动与期限结构}{chapter.2}% 22
\BOOKMARK [0][-]{chapter.3}{模型设定}{}% 23
\BOOKMARK [1][-]{section.3.1}{模型}{chapter.3}% 24
\BOOKMARK [2][-]{subsection.3.1.1}{人口年龄结构与长期利率水平}{section.3.1}% 25
\BOOKMARK [2][-]{subsection.3.1.2}{短期利率的局部均值回复}{section.3.1}% 26
\BOOKMARK [2][-]{subsection.3.1.3}{估计方法}{section.3.1}% 27
\BOOKMARK [1][-]{section.3.2}{数据说明}{chapter.3}% 28
\BOOKMARK [0][-]{chapter.4}{实证结果}{}% 29
\BOOKMARK [1][-]{section.4.1}{模型参数估计}{chapter.4}% 30
\BOOKMARK [2][-]{subsection.4.1.1}{斜率因子与曲度因子}{section.4.1}% 31
\BOOKMARK [2][-]{subsection.4.1.2}{人口因子载荷分析}{section.4.1}% 32
\BOOKMARK [1][-]{section.4.2}{收益率曲线拟合}{chapter.4}% 33
\BOOKMARK [2][-]{subsection.4.2.1}{样本内拟合}{section.4.2}% 34
\BOOKMARK [2][-]{subsection.4.2.2}{收益率长期动态特征与人口因素}{section.4.2}% 35
\BOOKMARK [0][-]{chapter.5}{结论}{}% 36
\BOOKMARK [0][-]{section*.40}{参考文献}{}% 37
\BOOKMARK [0][-]{section*.41}{硕士期间发表的论文}{}% 38
\BOOKMARK [0][-]{section*.42}{致谢}{}% 39
