mktextfm Octicons
mktextfm Octicons
mktextfm Octicons
mktextfm Octicons
mktextfm Octicons/B
mktextfm Octicons
mktextfm Octicons/I
mktextfm Octicons
mktextfm Octicons/BI
mktextfm Octicons
mktextfm Octicons
mktextfm Octicons
mktextfm Octicons
mktextfm Octicons
mktextfm Octicons/B
mktextfm Octicons
mktextfm Octicons/I
mktextfm Octicons
mktextfm Octicons/BI
mktextfm Octicons
mktextfm Octicons
mktextfm Octicons
mktextfm Octicons
mktextfm Octicons
mktextfm Octicons/B
mktextfm Octicons
mktextfm Octicons/I
mktextfm Octicons
mktextfm Octicons/BI
mktextfm Octicons
mktextfm Octicons
mktextfm Octicons
mktextfm Octicons
mktextfm Octicons
mktextfm Octicons/B
mktextfm Octicons
mktextfm Octicons/I
mktextfm Octicons
mktextfm Octicons/BI
mktextfm Octicons
mktextfm Octicons
mktextfm Octicons
mktextfm Octicons
mktextfm Octicons
mktextfm Octicons/B
mktextfm Octicons
mktextfm Octicons/I
mktextfm Octicons
mktextfm Octicons/BI
mktextfm Octicons
mktextfm Octicons
mktextfm Octicons
mktextfm Octicons
mktextfm Octicons
mktextfm Octicons/B
mktextfm Octicons
mktextfm Octicons/I
mktextfm Octicons
mktextfm Octicons/BI
mktextfm Octicons
mktextfm Octicons
mktextfm Octicons
mktextfm Octicons
mktextfm Octicons
mktextfm Octicons/B
mktextfm Octicons
mktextfm Octicons/I
mktextfm Octicons
mktextfm Octicons/BI
mktextfm Octicons
mktextfm Octicons
mktextfm Octicons
mktextfm Octicons
mktextfm Octicons
mktextfm Octicons/B
mktextfm Octicons
mktextfm Octicons/I
mktextfm Octicons
mktextfm Octicons/BI
mktextfm Octicons
mktextfm Octicons
mktextfm Octicons
mktextfm Octicons
mktextfm Octicons
mktextfm Octicons/B
mktextfm Octicons
mktextfm Octicons/I
mktextfm Octicons
mktextfm Octicons/BI
mktextfm Octicons
mktextfm Octicons
mktextfm Octicons
mktextfm Octicons
mktextfm Octicons
mktextfm Octicons/B
mktextfm Octicons
mktextfm Octicons/I
mktextfm Octicons
mktextfm Octicons/BI
mktextfm Octicons
mktextfm Octicons
mktextfm Octicons
mktextfm Octicons
mktextfm Octicons
mktextfm Octicons/B
mktextfm Octicons
mktextfm Octicons/I
mktextfm Octicons
mktextfm Octicons/BI
mktextfm Octicons
mktextfm Octicons
mktextfm Octicons
mktextfm Octicons
mktextfm Octicons
mktextfm Octicons/B
mktextfm Octicons
mktextfm Octicons/I
mktextfm Octicons
mktextfm Octicons/BI
mktextfm Octicons
mktextfm Octicons
mktextfm Octicons
mktextfm Octicons
mktextfm Octicons
mktextfm Octicons/B
mktextfm Octicons
mktextfm Octicons/I
mktextfm Octicons
mktextfm Octicons/BI
mktextfm Octicons
mktextfm Octicons
mktextfm Octicons
mktextfm Octicons
mktextfm Octicons
mktextfm Octicons/B
mktextfm Octicons
mktextfm Octicons/I
mktextfm Octicons
mktextfm Octicons/BI
mktextfm Octicons
mktextfm Octicons
mktextfm Octicons
mktextfm Octicons
mktextfm Octicons
mktextfm Octicons/B
mktextfm Octicons
mktextfm Octicons/I
mktextfm Octicons
mktextfm Octicons/BI
mktextfm Octicons
mktextfm Octicons
mktextfm Octicons
mktextfm Octicons
mktextfm Octicons
mktextfm Octicons/B
mktextfm Octicons
mktextfm Octicons/I
mktextfm Octicons
mktextfm Octicons/BI
mktextfm Octicons
mktextfm Octicons
mktextfm Octicons
mktextfm Octicons
mktextfm Octicons
mktextfm Octicons/B
mktextfm Octicons
mktextfm Octicons/I
mktextfm Octicons
mktextfm Octicons/BI
mktextfm Octicons
mktextfm Octicons
mktextfm Octicons
mktextfm Octicons
mktextfm Octicons
mktextfm Octicons/B
mktextfm Octicons
mktextfm Octicons/I
mktextfm Octicons
mktextfm Octicons/BI
mktextfm Octicons
mktextfm Octicons
mktextfm Octicons
mktextfm Octicons
mktextfm Octicons
mktextfm Octicons/B
mktextfm Octicons
mktextfm Octicons/I
mktextfm Octicons
mktextfm Octicons/BI
mktextfm Octicons
mktextfm Octicons
mktextfm Octicons
mktextfm Octicons
mktextfm Octicons
mktextfm Octicons/B
mktextfm Octicons
mktextfm Octicons/I
mktextfm Octicons
mktextfm Octicons/BI
mktextfm Octicons
mktextfm Octicons
mktextfm Octicons
mktextfm Octicons
mktextfm Octicons
mktextfm Octicons/B
mktextfm Octicons
mktextfm Octicons/I
mktextfm Octicons
mktextfm Octicons/BI
mktextfm Octicons
mktextfm Octicons
mktextfm Octicons
mktextfm Octicons
mktextfm Octicons
mktextfm Octicons/B
mktextfm Octicons
mktextfm Octicons/I
mktextfm Octicons
mktextfm Octicons/BI
mktextfm Octicons
mktextfm Octicons
mktextfm Octicons
mktextfm Octicons
mktextfm Octicons
mktextfm Octicons/B
mktextfm Octicons
mktextfm Octicons/I
mktextfm Octicons
mktextfm Octicons/BI
mktextfm Octicons
mktextfm Octicons
mktextfm Octicons
mktextfm Octicons
mktextfm Octicons
mktextfm Octicons/B
mktextfm Octicons
mktextfm Octicons/I
mktextfm Octicons
mktextfm Octicons/BI
mktextfm Octicons
mktextfm Octicons
mktextfm Octicons
mktextfm Octicons
mktextfm Octicons
mktextfm Octicons
mktextfm Octicons
mktextfm Octicons/B
mktextfm Octicons
mktextfm Octicons/I
mktextfm Octicons
mktextfm Octicons/BI
mktextfm Octicons
mktextfm Octicons
mktextfm Octicons
mktextfm Octicons
mktextfm Octicons
mktextfm Octicons/B
mktextfm Octicons
mktextfm Octicons/I
mktextfm Octicons
mktextfm Octicons/BI
mktextfm Octicons
mktextfm Octicons
mktextfm Octicons
mktextfm Octicons
mktextfm Octicons
mktextfm Octicons/B
mktextfm Octicons
mktextfm Octicons/I
mktextfm Octicons
mktextfm Octicons/BI
mktextfm Octicons
mktextfm Octicons
mktextfm Octicons
mktextfm Octicons
mktextfm Octicons/B
mktextfm Octicons
mktextfm Octicons/I
mktextfm Octicons
mktextfm Octicons/BI
mktextfm Octicons
mktextfm Octicons
mktextfm Octicons
mktextfm Octicons
mktextfm Octicons/B
mktextfm Octicons
mktextfm Octicons/I
mktextfm Octicons
mktextfm Octicons/BI
mktextfm Octicons
mktextfm Octicons
mktextfm Octicons
mktextfm Octicons
mktextfm Octicons/B
mktextfm Octicons
mktextfm Octicons/I
mktextfm Octicons
mktextfm Octicons/BI
mktextfm Octicons
mktextfm Octicons
mktextfm Octicons
mktextfm Octicons
mktextfm Octicons/B
mktextfm Octicons
mktextfm Octicons/I
mktextfm Octicons
mktextfm Octicons/BI
mktextfm Octicons
mktextfm Octicons
mktextfm Octicons
mktextfm Octicons
mktextfm Octicons/B
mktextfm Octicons
mktextfm Octicons/I
mktextfm Octicons
mktextfm Octicons/BI
mktextfm Octicons
mktextfm Octicons
mktextfm Octicons
mktextfm Octicons
mktextfm Octicons/B
mktextfm Octicons
mktextfm Octicons/I
mktextfm Octicons
mktextfm Octicons/BI
mktextfm Octicons
mktextfm Octicons
mktextfm Octicons
mktextfm Octicons
mktextfm Octicons/B
mktextfm Octicons
mktextfm Octicons/I
mktextfm Octicons
mktextfm Octicons/BI
mktextfm Octicons
mktextfm Octicons
mktextfm Octicons
mktextfm Octicons
mktextfm Octicons/B
mktextfm Octicons
mktextfm Octicons/I
mktextfm Octicons
mktextfm Octicons/BI
mktextfm Octicons
mktextfm Octicons
mktextfm Octicons
mktextfm Octicons
mktextfm Octicons/B
mktextfm Octicons
mktextfm Octicons/I
mktextfm Octicons
mktextfm Octicons/BI
mktextfm Octicons
mktextfm Octicons
mktextfm Octicons
mktextfm Octicons
mktextfm Octicons/B
mktextfm Octicons
mktextfm Octicons/I
mktextfm Octicons
mktextfm Octicons/BI
mktextfm Octicons
mktextfm Octicons
mktextfm Octicons
mktextfm Octicons
mktextfm Octicons/B
mktextfm Octicons
mktextfm Octicons/I
mktextfm Octicons
mktextfm Octicons/BI
mktextfm Georgia
mktextfm Georgia
mktextfm Georgia
mktextfm Georgia
mktextfm Georgia/B
mktextfm Georgia
mktextfm Georgia/I
mktextfm Georgia
mktextfm Georgia/BI
mktextfm Georgia
mktextfm Georgia
mktextfm Georgia
mktextfm Georgia
mktextfm Georgia
mktextfm Georgia
mktextfm Georgia
mktextfm Georgia
mktextfm Georgia
mktextfm Georgia
mktextfm Georgia
mktextfm Georgia
mktextfm Georgia
